<?xml version="1.0" encoding="UTF-8"?>
<testsuites name="jest tests" tests="78" failures="0" errors="0" time="3.689">
  <testsuite name="Citizen Profile Controller" errors="0" failures="0" skipped="0" timestamp="2026-02-15T21:05:22" time="2.002" tests="7">
    <testcase classname="Citizen Profile Controller getCitizenProfile should return profile" name="Citizen Profile Controller getCitizenProfile should return profile" time="0.408">
    </testcase>
    <testcase classname="Citizen Profile Controller getCitizenProfile should return 500 on error" name="Citizen Profile Controller getCitizenProfile should return 500 on error" time="0.211">
    </testcase>
    <testcase classname="Citizen Profile Controller createCitizenProfile should return 409 if profile already exists" name="Citizen Profile Controller createCitizenProfile should return 409 if profile already exists" time="0.189">
    </testcase>
    <testcase classname="Citizen Profile Controller createCitizenProfile should create profile and return 201" name="Citizen Profile Controller createCitizenProfile should create profile and return 201" time="0.191">
    </testcase>
    <testcase classname="Citizen Profile Controller createCitizenProfile should return 500 if create fails" name="Citizen Profile Controller createCitizenProfile should return 500 if create fails" time="0.207">
    </testcase>
    <testcase classname="Citizen Profile Controller updateCitizenProfile should return 404 if profile not found" name="Citizen Profile Controller updateCitizenProfile should return 404 if profile not found" time="0.181">
    </testcase>
    <testcase classname="Citizen Profile Controller updateCitizenProfile should update and return 200" name="Citizen Profile Controller updateCitizenProfile should update and return 200" time="0.19">
    </testcase>
  </testsuite>
  <testsuite name="Password Service" errors="0" failures="0" skipped="0" timestamp="2026-02-15T21:05:24" time="0.442" tests="3">
    <testcase classname="Password Service hashPassword should return a different string than plain password" name="Password Service hashPassword should return a different string than plain password" time="0.067">
    </testcase>
    <testcase classname="Password Service comparePassword should return true for correct password" name="Password Service comparePassword should return true for correct password" time="0.135">
    </testcase>
    <testcase classname="Password Service comparePassword should return false for wrong password" name="Password Service comparePassword should return false for wrong password" time="0.133">
    </testcase>
  </testsuite>
  <testsuite name="Auth Controller Unit Tests" errors="0" failures="0" skipped="0" timestamp="2026-02-15T21:05:24" time="0.34" tests="25">
    <testcase classname="Auth Controller Unit Tests registerUser should return 400 if required fields are missing" name="Auth Controller Unit Tests registerUser should return 400 if required fields are missing" time="0.003">
    </testcase>
    <testcase classname="Auth Controller Unit Tests registerUser should return 409 if email already exists" name="Auth Controller Unit Tests registerUser should return 409 if email already exists" time="0.002">
    </testcase>
    <testcase classname="Auth Controller Unit Tests registerUser should create user, set cookie, and return 201 on success" name="Auth Controller Unit Tests registerUser should create user, set cookie, and return 201 on success" time="0.003">
    </testcase>
    <testcase classname="Auth Controller Unit Tests registerUser should return 500 if DB throws error" name="Auth Controller Unit Tests registerUser should return 500 if DB throws error" time="0.002">
    </testcase>
    <testcase classname="Auth Controller Unit Tests loginUser should return 400 if email or password missing" name="Auth Controller Unit Tests loginUser should return 400 if email or password missing" time="0">
    </testcase>
    <testcase classname="Auth Controller Unit Tests loginUser should return 401 if user not found" name="Auth Controller Unit Tests loginUser should return 401 if user not found" time="0.001">
    </testcase>
    <testcase classname="Auth Controller Unit Tests loginUser should return 401 if password invalid" name="Auth Controller Unit Tests loginUser should return 401 if password invalid" time="0.001">
    </testcase>
    <testcase classname="Auth Controller Unit Tests loginUser should return 400 if account is not verified" name="Auth Controller Unit Tests loginUser should return 400 if account is not verified" time="0">
    </testcase>
    <testcase classname="Auth Controller Unit Tests loginUser should set cookie and return 200 on success" name="Auth Controller Unit Tests loginUser should set cookie and return 200 on success" time="0.001">
    </testcase>
    <testcase classname="Auth Controller Unit Tests logoutUser should clear cookie and return 200" name="Auth Controller Unit Tests logoutUser should clear cookie and return 200" time="0.001">
    </testcase>
    <testcase classname="Auth Controller Unit Tests sendOTP should return 400 if account already verified" name="Auth Controller Unit Tests sendOTP should return 400 if account already verified" time="0">
    </testcase>
    <testcase classname="Auth Controller Unit Tests sendOTP should generate otp, save user, and send email" name="Auth Controller Unit Tests sendOTP should generate otp, save user, and send email" time="0.007">
    </testcase>
    <testcase classname="Auth Controller Unit Tests verifyUserAccount should return 400 if missing id or otp" name="Auth Controller Unit Tests verifyUserAccount should return 400 if missing id or otp" time="0.001">
    </testcase>
    <testcase classname="Auth Controller Unit Tests verifyUserAccount should return 400 if invalid otp" name="Auth Controller Unit Tests verifyUserAccount should return 400 if invalid otp" time="0.001">
    </testcase>
    <testcase classname="Auth Controller Unit Tests verifyUserAccount should return 400 if otp expired" name="Auth Controller Unit Tests verifyUserAccount should return 400 if otp expired" time="0">
    </testcase>
    <testcase classname="Auth Controller Unit Tests verifyUserAccount should verify account and send welcome email" name="Auth Controller Unit Tests verifyUserAccount should verify account and send welcome email" time="0.002">
    </testcase>
    <testcase classname="Auth Controller Unit Tests sendResetOtp should return 400 if email missing" name="Auth Controller Unit Tests sendResetOtp should return 400 if email missing" time="0.001">
    </testcase>
    <testcase classname="Auth Controller Unit Tests sendResetOtp should return 400 if user not found" name="Auth Controller Unit Tests sendResetOtp should return 400 if user not found" time="0">
    </testcase>
    <testcase classname="Auth Controller Unit Tests sendResetOtp should save reset otp and send email" name="Auth Controller Unit Tests sendResetOtp should save reset otp and send email" time="0">
    </testcase>
    <testcase classname="Auth Controller Unit Tests verifyResetOtp should return 400 if missing email or code" name="Auth Controller Unit Tests verifyResetOtp should return 400 if missing email or code" time="0.001">
    </testcase>
    <testcase classname="Auth Controller Unit Tests verifyResetOtp should return 400 if invalid otp" name="Auth Controller Unit Tests verifyResetOtp should return 400 if invalid otp" time="0">
    </testcase>
    <testcase classname="Auth Controller Unit Tests verifyResetOtp should return 200 if otp is valid and not expired" name="Auth Controller Unit Tests verifyResetOtp should return 200 if otp is valid and not expired" time="0">
    </testcase>
    <testcase classname="Auth Controller Unit Tests resetPassword should return 400 if missing email or newPassword" name="Auth Controller Unit Tests resetPassword should return 400 if missing email or newPassword" time="0">
    </testcase>
    <testcase classname="Auth Controller Unit Tests resetPassword should return 400 if user not found" name="Auth Controller Unit Tests resetPassword should return 400 if user not found" time="0">
    </testcase>
    <testcase classname="Auth Controller Unit Tests resetPassword should hash new password, clear otp fields, save user, and return 200" name="Auth Controller Unit Tests resetPassword should hash new password, clear otp fields, save user, and return 200" time="0.001">
    </testcase>
  </testsuite>
  <testsuite name="validateBody Middleware" errors="0" failures="0" skipped="0" timestamp="2026-02-15T21:05:25" time="0.17" tests="3">
    <testcase classname="validateBody Middleware should pass when body is valid" name="validateBody Middleware should pass when body is valid" time="0.006">
    </testcase>
    <testcase classname="validateBody Middleware should return 400 when body is invalid" name="validateBody Middleware should return 400 when body is invalid" time="0.003">
    </testcase>
    <testcase classname="validateBody Middleware should strip unknown fields when stripUnknown is enabled" name="validateBody Middleware should strip unknown fields when stripUnknown is enabled" time="0.003">
    </testcase>
  </testsuite>
  <testsuite name="Volunteer Profile Controller" errors="0" failures="0" skipped="0" timestamp="2026-02-15T21:05:25" time="0.125" tests="15">
    <testcase classname="Volunteer Profile Controller createVolunteerProfile should return 400 if phone missing" name="Volunteer Profile Controller createVolunteerProfile should return 400 if phone missing" time="0.003">
    </testcase>
    <testcase classname="Volunteer Profile Controller createVolunteerProfile should return 409 if profile already exists" name="Volunteer Profile Controller createVolunteerProfile should return 409 if profile already exists" time="0.001">
    </testcase>
    <testcase classname="Volunteer Profile Controller createVolunteerProfile should create profile and return 201" name="Volunteer Profile Controller createVolunteerProfile should create profile and return 201" time="0.001">
    </testcase>
    <testcase classname="Volunteer Profile Controller createVolunteerProfile should return 500 if create throws error" name="Volunteer Profile Controller createVolunteerProfile should return 500 if create throws error" time="0.001">
    </testcase>
    <testcase classname="Volunteer Profile Controller getVolunteerProfile should return 404 if profile not found" name="Volunteer Profile Controller getVolunteerProfile should return 404 if profile not found" time="0.001">
    </testcase>
    <testcase classname="Volunteer Profile Controller getVolunteerProfile should return 404 if user not found" name="Volunteer Profile Controller getVolunteerProfile should return 404 if user not found" time="0.001">
    </testcase>
    <testcase classname="Volunteer Profile Controller getVolunteerProfile should return merged profileData with name and email" name="Volunteer Profile Controller getVolunteerProfile should return merged profileData with name and email" time="0.001">
    </testcase>
    <testcase classname="Volunteer Profile Controller updateVolunteerProfile should return 404 if profile not found" name="Volunteer Profile Controller updateVolunteerProfile should return 404 if profile not found" time="0.001">
    </testcase>
    <testcase classname="Volunteer Profile Controller updateVolunteerProfile should update and return 200" name="Volunteer Profile Controller updateVolunteerProfile should update and return 200" time="0.001">
    </testcase>
    <testcase classname="Volunteer Profile Controller updateAvailabilityStatus should return 400 for invalid status" name="Volunteer Profile Controller updateAvailabilityStatus should return 400 for invalid status" time="0.001">
    </testcase>
    <testcase classname="Volunteer Profile Controller updateAvailabilityStatus should return 404 if profile not found" name="Volunteer Profile Controller updateAvailabilityStatus should return 404 if profile not found" time="0.001">
    </testcase>
    <testcase classname="Volunteer Profile Controller updateAvailabilityStatus should update status and return 200" name="Volunteer Profile Controller updateAvailabilityStatus should update status and return 200" time="0.001">
    </testcase>
    <testcase classname="Volunteer Profile Controller deleteVolunteerProfile should return 404 if user not found" name="Volunteer Profile Controller deleteVolunteerProfile should return 404 if user not found" time="0.001">
    </testcase>
    <testcase classname="Volunteer Profile Controller deleteVolunteerProfile should return 404 if profile not found" name="Volunteer Profile Controller deleteVolunteerProfile should return 404 if profile not found" time="0.001">
    </testcase>
    <testcase classname="Volunteer Profile Controller deleteVolunteerProfile should delete user + profile, clear cookie, return 200" name="Volunteer Profile Controller deleteVolunteerProfile should delete user + profile, clear cookie, return 200" time="0.001">
    </testcase>
  </testsuite>
  <testsuite name="NGO Profile Controller" errors="0" failures="0" skipped="0" timestamp="2026-02-15T21:05:25" time="0.117" tests="14">
    <testcase classname="NGO Profile Controller createNgoProfile should return 409 if profile exists" name="NGO Profile Controller createNgoProfile should return 409 if profile exists" time="0.003">
    </testcase>
    <testcase classname="NGO Profile Controller createNgoProfile should return 400 if required fields missing" name="NGO Profile Controller createNgoProfile should return 400 if required fields missing" time="0.001">
    </testcase>
    <testcase classname="NGO Profile Controller createNgoProfile should create profile and return 201" name="NGO Profile Controller createNgoProfile should create profile and return 201" time="0.001">
    </testcase>
    <testcase classname="NGO Profile Controller getNgoProfile should return 404 if user not found" name="NGO Profile Controller getNgoProfile should return 404 if user not found" time="0.001">
    </testcase>
    <testcase classname="NGO Profile Controller getNgoProfile should return 404 if profile not found" name="NGO Profile Controller getNgoProfile should return 404 if profile not found" time="0.002">
    </testcase>
    <testcase classname="NGO Profile Controller getNgoProfile should return merged profileData with name and email" name="NGO Profile Controller getNgoProfile should return merged profileData with name and email" time="0.001">
    </testcase>
    <testcase classname="NGO Profile Controller updateNgoProfile should return 404 if profile not found" name="NGO Profile Controller updateNgoProfile should return 404 if profile not found" time="0.001">
    </testcase>
    <testcase classname="NGO Profile Controller updateNgoProfile should update and return 200" name="NGO Profile Controller updateNgoProfile should update and return 200" time="0.001">
    </testcase>
    <testcase classname="NGO Profile Controller updateAvailabilityStatus (NGO) should return 400 for invalid status" name="NGO Profile Controller updateAvailabilityStatus (NGO) should return 400 for invalid status" time="0">
    </testcase>
    <testcase classname="NGO Profile Controller updateAvailabilityStatus (NGO) should return 404 if profile not found" name="NGO Profile Controller updateAvailabilityStatus (NGO) should return 404 if profile not found" time="0">
    </testcase>
    <testcase classname="NGO Profile Controller updateAvailabilityStatus (NGO) should update status and return 200" name="NGO Profile Controller updateAvailabilityStatus (NGO) should update status and return 200" time="0">
    </testcase>
    <testcase classname="NGO Profile Controller deleteNgoProfile should return 404 if user not found" name="NGO Profile Controller deleteNgoProfile should return 404 if user not found" time="0.001">
    </testcase>
    <testcase classname="NGO Profile Controller deleteNgoProfile should return 404 if profile not found" name="NGO Profile Controller deleteNgoProfile should return 404 if profile not found" time="0.001">
    </testcase>
    <testcase classname="NGO Profile Controller deleteNgoProfile should delete user + profile, clear cookie, return 200" name="NGO Profile Controller deleteNgoProfile should delete user + profile, clear cookie, return 200" time="0.001">
    </testcase>
  </testsuite>
  <testsuite name="protect middleware" errors="0" failures="0" skipped="0" timestamp="2026-02-15T21:05:25" time="0.103" tests="4">
    <testcase classname="protect middleware should return 401 if token cookie is missing" name="protect middleware should return 401 if token cookie is missing" time="0.003">
    </testcase>
    <testcase classname="protect middleware should return 401 if jwt.verify throws (invalid/expired token)" name="protect middleware should return 401 if jwt.verify throws (invalid/expired token)" time="0.001">
    </testcase>
    <testcase classname="protect middleware should return 401 if user not found in DB" name="protect middleware should return 401 if user not found in DB" time="0.001">
    </testcase>
    <testcase classname="protect middleware should set req.user and call next when token valid and user exists" name="protect middleware should set req.user and call next when token valid and user exists" time="0.002">
    </testcase>
  </testsuite>
  <testsuite name="Admin Verification Controller" errors="0" failures="0" skipped="0" timestamp="2026-02-15T21:05:25" time="0.119" tests="4">
    <testcase classname="Admin Verification Controller verifyVolunteer should return 400 if user not found or role mismatch" name="Admin Verification Controller verifyVolunteer should return 400 if user not found or role mismatch" time="0.002">
    </testcase>
    <testcase classname="Admin Verification Controller verifyVolunteer should verify volunteer profile and return 200" name="Admin Verification Controller verifyVolunteer should verify volunteer profile and return 200" time="0.002">
    </testcase>
    <testcase classname="Admin Verification Controller verifyNgo should return 400 if role mismatch" name="Admin Verification Controller verifyNgo should return 400 if role mismatch" time="0.001">
    </testcase>
    <testcase classname="Admin Verification Controller verifyNgo should verify NGO profile and return 200" name="Admin Verification Controller verifyNgo should verify NGO profile and return 200" time="0.001">
    </testcase>
  </testsuite>
  <testsuite name="Authorize Middleware (RBAC)" errors="0" failures="0" skipped="0" timestamp="2026-02-15T21:05:25" time="0.099" tests="3">
    <testcase classname="Authorize Middleware (RBAC) should return 401 if req.user is missing" name="Authorize Middleware (RBAC) should return 401 if req.user is missing" time="0.002">
    </testcase>
    <testcase classname="Authorize Middleware (RBAC) should return 403 if role not allowed" name="Authorize Middleware (RBAC) should return 403 if role not allowed" time="0.003">
    </testcase>
    <testcase classname="Authorize Middleware (RBAC) should call next if role allowed" name="Authorize Middleware (RBAC) should call next if role allowed" time="0.001">
    </testcase>
  </testsuite>
</testsuites>