<?xml version="1.0" encoding="UTF-8"?>
<testsuites name="jest tests" tests="372" failures="0" errors="0" time="3.764">
  <testsuite name="ngoHelpController" errors="0" failures="0" skipped="0" timestamp="2026-04-11T06:27:40" time="1.038" tests="70">
    <testcase classname="ngoHelpController approval gate (getApprovedNgoProfile) 404 – NGO profile does not exist in database" name="ngoHelpController approval gate (getApprovedNgoProfile) 404 – NGO profile does not exist in database" time="0.024">
    </testcase>
    <testcase classname="ngoHelpController approval gate (getApprovedNgoProfile) 403 – approvalStatus is &apos;pending&apos;" name="ngoHelpController approval gate (getApprovedNgoProfile) 403 – approvalStatus is &apos;pending&apos;" time="0.003">
    </testcase>
    <testcase classname="ngoHelpController approval gate (getApprovedNgoProfile) 403 – approvalStatus is &apos;rejected&apos;" name="ngoHelpController approval gate (getApprovedNgoProfile) 403 – approvalStatus is &apos;rejected&apos;" time="0.003">
    </testcase>
    <testcase classname="ngoHelpController approval gate (getApprovedNgoProfile) 403 – approvalStatus is &apos;suspended&apos;" name="ngoHelpController approval gate (getApprovedNgoProfile) 403 – approvalStatus is &apos;suspended&apos;" time="0.002">
    </testcase>
    <testcase classname="ngoHelpController approval gate (getApprovedNgoProfile) approval gate is consulted with the calling user&apos;s _id" name="ngoHelpController approval gate (getApprovedNgoProfile) approval gate is consulted with the calling user&apos;s _id" time="0.003">
    </testcase>
    <testcase classname="ngoHelpController getMyTasks 200 – returns paginated results for approved NGO (no filter)" name="ngoHelpController getMyTasks 200 – returns paginated results for approved NGO (no filter)" time="0.003">
    </testcase>
    <testcase classname="ngoHelpController getMyTasks 200 – pagination data reflects page and limit query params" name="ngoHelpController getMyTasks 200 – pagination data reflects page and limit query params" time="0.002">
    </testcase>
    <testcase classname="ngoHelpController getMyTasks 200 – clamps limit at maximum value of 50" name="ngoHelpController getMyTasks 200 – clamps limit at maximum value of 50" time="0.001">
    </testcase>
    <testcase classname="ngoHelpController getMyTasks 200 – clamps limit at minimum value of 1" name="ngoHelpController getMyTasks 200 – clamps limit at minimum value of 1" time="0.002">
    </testcase>
    <testcase classname="ngoHelpController getMyTasks 200 – defaults to page 1 when page query param is absent" name="ngoHelpController getMyTasks 200 – defaults to page 1 when page query param is absent" time="0.002">
    </testcase>
    <testcase classname="ngoHelpController getMyTasks 200 – page is clamped to minimum value of 1 for non-positive input" name="ngoHelpController getMyTasks 200 – page is clamped to minimum value of 1 for non-positive input" time="0.001">
    </testcase>
    <testcase classname="ngoHelpController getMyTasks 200 – correct totalPages calculation" name="ngoHelpController getMyTasks 200 – correct totalPages calculation" time="0.002">
    </testcase>
    <testcase classname="ngoHelpController getMyTasks 400 – rejects unknown status filter value" name="ngoHelpController getMyTasks 400 – rejects unknown status filter value" time="0.001">
    </testcase>
    <testcase classname="ngoHelpController getMyTasks 200 – accepts valid status filter &apos;assigned&apos; and queries with $elemMatch" name="ngoHelpController getMyTasks 200 – accepts valid status filter &apos;assigned&apos; and queries with $elemMatch" time="0.001">
    </testcase>
    <testcase classname="ngoHelpController getMyTasks 200 – accepts valid status filter &apos;accepted&apos; and queries with $elemMatch" name="ngoHelpController getMyTasks 200 – accepts valid status filter &apos;accepted&apos; and queries with $elemMatch" time="0.002">
    </testcase>
    <testcase classname="ngoHelpController getMyTasks 200 – accepts valid status filter &apos;declined&apos; and queries with $elemMatch" name="ngoHelpController getMyTasks 200 – accepts valid status filter &apos;declined&apos; and queries with $elemMatch" time="0.002">
    </testcase>
    <testcase classname="ngoHelpController getMyTasks 200 – accepts valid status filter &apos;in-progress&apos; and queries with $elemMatch" name="ngoHelpController getMyTasks 200 – accepts valid status filter &apos;in-progress&apos; and queries with $elemMatch" time="0.001">
    </testcase>
    <testcase classname="ngoHelpController getMyTasks 200 – accepts valid status filter &apos;completed&apos; and queries with $elemMatch" name="ngoHelpController getMyTasks 200 – accepts valid status filter &apos;completed&apos; and queries with $elemMatch" time="0.002">
    </testcase>
    <testcase classname="ngoHelpController getMyTasks 200 – query without status filter does not include status in $elemMatch" name="ngoHelpController getMyTasks 200 – query without status filter does not include status in $elemMatch" time="0.002">
    </testcase>
    <testcase classname="ngoHelpController getMyTasks 500 – server error is handled gracefully" name="ngoHelpController getMyTasks 500 – server error is handled gracefully" time="0.005">
    </testcase>
    <testcase classname="ngoHelpController getPerformance 200 – returns profile stats and mapped assignment counts" name="ngoHelpController getPerformance 200 – returns profile stats and mapped assignment counts" time="0.002">
    </testcase>
    <testcase classname="ngoHelpController getPerformance 200 – missing status keys default to 0" name="ngoHelpController getPerformance 200 – missing status keys default to 0" time="0.007">
    </testcase>
    <testcase classname="ngoHelpController getPerformance 200 – averageResponseTime is null when not set on profile" name="ngoHelpController getPerformance 200 – averageResponseTime is null when not set on profile" time="0.001">
    </testcase>
    <testcase classname="ngoHelpController getPerformance 200 – aggregate pipeline targets the correct NGO profile ID" name="ngoHelpController getPerformance 200 – aggregate pipeline targets the correct NGO profile ID" time="0.001">
    </testcase>
    <testcase classname="ngoHelpController getPerformance 500 – server error is handled gracefully" name="ngoHelpController getPerformance 500 – server error is handled gracefully" time="0.001">
    </testcase>
    <testcase classname="ngoHelpController getTaskDetail 400 – invalid ObjectId format" name="ngoHelpController getTaskDetail 400 – invalid ObjectId format" time="0.001">
    </testcase>
    <testcase classname="ngoHelpController getTaskDetail 400 – ObjectId validation is checked before DB query" name="ngoHelpController getTaskDetail 400 – ObjectId validation is checked before DB query" time="0.001">
    </testcase>
    <testcase classname="ngoHelpController getTaskDetail 404 – help request not found (findOne returns null)" name="ngoHelpController getTaskDetail 404 – help request not found (findOne returns null)" time="0.001">
    </testcase>
    <testcase classname="ngoHelpController getTaskDetail 200 – returns help request details on success" name="ngoHelpController getTaskDetail 200 – returns help request details on success" time="0.001">
    </testcase>
    <testcase classname="ngoHelpController getTaskDetail 200 – findOne query scopes by both requestId and NGO profile _id" name="ngoHelpController getTaskDetail 200 – findOne query scopes by both requestId and NGO profile _id" time="0.001">
    </testcase>
    <testcase classname="ngoHelpController getTaskDetail 500 – server error is handled gracefully" name="ngoHelpController getTaskDetail 500 – server error is handled gracefully" time="0.002">
    </testcase>
    <testcase classname="ngoHelpController acceptTask 400 – invalid ObjectId" name="ngoHelpController acceptTask 400 – invalid ObjectId" time="0.001">
    </testcase>
    <testcase classname="ngoHelpController acceptTask 404 – help request does not exist" name="ngoHelpController acceptTask 404 – help request does not exist" time="0.002">
    </testcase>
    <testcase classname="ngoHelpController acceptTask 404 – NGO is not listed in assignments" name="ngoHelpController acceptTask 404 – NGO is not listed in assignments" time="0.002">
    </testcase>
    <testcase classname="ngoHelpController acceptTask 400 – assignment is already &apos;accepted&apos; (not in &apos;assigned&apos; state)" name="ngoHelpController acceptTask 400 – assignment is already &apos;accepted&apos; (not in &apos;assigned&apos; state)" time="0.002">
    </testcase>
    <testcase classname="ngoHelpController acceptTask 400 – assignment is &apos;in-progress&apos; (not in &apos;assigned&apos; state)" name="ngoHelpController acceptTask 400 – assignment is &apos;in-progress&apos; (not in &apos;assigned&apos; state)" time="0.001">
    </testcase>
    <testcase classname="ngoHelpController acceptTask 200 – successfully accepts an assigned task" name="ngoHelpController acceptTask 200 – successfully accepts an assigned task" time="0.002">
    </testcase>
    <testcase classname="ngoHelpController acceptTask 200 – does not add duplicate entry to acceptedRequests" name="ngoHelpController acceptTask 200 – does not add duplicate entry to acceptedRequests" time="0.001">
    </testcase>
    <testcase classname="ngoHelpController acceptTask 200 – both helpRequest and profile are persisted" name="ngoHelpController acceptTask 200 – both helpRequest and profile are persisted" time="0.002">
    </testcase>
    <testcase classname="ngoHelpController acceptTask 500 – server error is handled gracefully" name="ngoHelpController acceptTask 500 – server error is handled gracefully" time="0.006">
    </testcase>
    <testcase classname="ngoHelpController declineTask 400 – invalid ObjectId" name="ngoHelpController declineTask 400 – invalid ObjectId" time="0.002">
    </testcase>
    <testcase classname="ngoHelpController declineTask 404 – help request does not exist" name="ngoHelpController declineTask 404 – help request does not exist" time="0.001">
    </testcase>
    <testcase classname="ngoHelpController declineTask 404 – NGO is not in assignments list" name="ngoHelpController declineTask 404 – NGO is not in assignments list" time="0.009">
    </testcase>
    <testcase classname="ngoHelpController declineTask 400 – assignment is already &apos;accepted&apos; (cannot decline)" name="ngoHelpController declineTask 400 – assignment is already &apos;accepted&apos; (cannot decline)" time="0.008">
    </testcase>
    <testcase classname="ngoHelpController declineTask 400 – assignment is already &apos;in-progress&apos; (cannot decline)" name="ngoHelpController declineTask 400 – assignment is already &apos;in-progress&apos; (cannot decline)" time="0.002">
    </testcase>
    <testcase classname="ngoHelpController declineTask 200 – successfully declines with a reason" name="ngoHelpController declineTask 200 – successfully declines with a reason" time="0.002">
    </testcase>
    <testcase classname="ngoHelpController declineTask 200 – declines without a reason (declineReason is null in response)" name="ngoHelpController declineTask 200 – declines without a reason (declineReason is null in response)" time="0.001">
    </testcase>
    <testcase classname="ngoHelpController declineTask 200 – removes requestId from acceptedRequests if present" name="ngoHelpController declineTask 200 – removes requestId from acceptedRequests if present" time="0.002">
    </testcase>
    <testcase classname="ngoHelpController declineTask 500 – server error is handled gracefully" name="ngoHelpController declineTask 500 – server error is handled gracefully" time="0.007">
    </testcase>
    <testcase classname="ngoHelpController markInProgress 400 – invalid ObjectId" name="ngoHelpController markInProgress 400 – invalid ObjectId" time="0.001">
    </testcase>
    <testcase classname="ngoHelpController markInProgress 404 – help request does not exist" name="ngoHelpController markInProgress 404 – help request does not exist" time="0.001">
    </testcase>
    <testcase classname="ngoHelpController markInProgress 404 – NGO is not in assignments" name="ngoHelpController markInProgress 404 – NGO is not in assignments" time="0.001">
    </testcase>
    <testcase classname="ngoHelpController markInProgress 400 – assignment is &apos;assigned&apos; (must be &apos;accepted&apos; first)" name="ngoHelpController markInProgress 400 – assignment is &apos;assigned&apos; (must be &apos;accepted&apos; first)" time="0.001">
    </testcase>
    <testcase classname="ngoHelpController markInProgress 400 – assignment is already &apos;in-progress&apos;" name="ngoHelpController markInProgress 400 – assignment is already &apos;in-progress&apos;" time="0">
    </testcase>
    <testcase classname="ngoHelpController markInProgress 200 – transitions assignment to in-progress and promotes help request status" name="ngoHelpController markInProgress 200 – transitions assignment to in-progress and promotes help request status" time="0.001">
    </testcase>
    <testcase classname="ngoHelpController markInProgress 200 – help request already &apos;in-progress&apos;: status unchanged" name="ngoHelpController markInProgress 200 – help request already &apos;in-progress&apos;: status unchanged" time="0.001">
    </testcase>
    <testcase classname="ngoHelpController markInProgress 200 – does NOT downgrade a &apos;resolved&apos; help request" name="ngoHelpController markInProgress 200 – does NOT downgrade a &apos;resolved&apos; help request" time="0.002">
    </testcase>
    <testcase classname="ngoHelpController markInProgress 200 – NGO profile is NOT saved (markInProgress only saves helpRequest)" name="ngoHelpController markInProgress 200 – NGO profile is NOT saved (markInProgress only saves helpRequest)" time="0.003">
    </testcase>
    <testcase classname="ngoHelpController markInProgress 500 – server error is handled gracefully" name="ngoHelpController markInProgress 500 – server error is handled gracefully" time="0.008">
    </testcase>
    <testcase classname="ngoHelpController markCompleted 400 – invalid ObjectId" name="ngoHelpController markCompleted 400 – invalid ObjectId" time="0.002">
    </testcase>
    <testcase classname="ngoHelpController markCompleted 404 – help request does not exist" name="ngoHelpController markCompleted 404 – help request does not exist" time="0.001">
    </testcase>
    <testcase classname="ngoHelpController markCompleted 404 – NGO is not in assignments" name="ngoHelpController markCompleted 404 – NGO is not in assignments" time="0.002">
    </testcase>
    <testcase classname="ngoHelpController markCompleted 400 – assignment is &apos;accepted&apos; (not in-progress)" name="ngoHelpController markCompleted 400 – assignment is &apos;accepted&apos; (not in-progress)" time="0.002">
    </testcase>
    <testcase classname="ngoHelpController markCompleted 200 – marks assignment completed, sets completedAt, increments completedTasks" name="ngoHelpController markCompleted 200 – marks assignment completed, sets completedAt, increments completedTasks" time="0.002">
    </testcase>
    <testcase classname="ngoHelpController markCompleted 200 – completedTasks increments from 0 when previously unset/falsy" name="ngoHelpController markCompleted 200 – completedTasks increments from 0 when previously unset/falsy" time="0.012">
    </testcase>
    <testcase classname="ngoHelpController markCompleted 200 – resolves help request when ALL assignments are done (completed or declined)" name="ngoHelpController markCompleted 200 – resolves help request when ALL assignments are done (completed or declined)" time="0.002">
    </testcase>
    <testcase classname="ngoHelpController markCompleted 200 – does NOT resolve when at least one assignment is still active" name="ngoHelpController markCompleted 200 – does NOT resolve when at least one assignment is still active" time="0.004">
    </testcase>
    <testcase classname="ngoHelpController markCompleted 200 – sole assignment: resolves help request immediately" name="ngoHelpController markCompleted 200 – sole assignment: resolves help request immediately" time="0.006">
    </testcase>
    <testcase classname="ngoHelpController markCompleted 200 – response includes all expected fields" name="ngoHelpController markCompleted 200 – response includes all expected fields" time="0.003">
    </testcase>
    <testcase classname="ngoHelpController markCompleted 500 – server error is handled gracefully" name="ngoHelpController markCompleted 500 – server error is handled gracefully" time="0.004">
    </testcase>
  </testsuite>
  <testsuite name="Citizen Profile Controller" errors="0" failures="0" skipped="0" timestamp="2026-04-11T06:27:40" time="1.093" tests="17">
    <testcase classname="Citizen Profile Controller getCitizenProfile should return profile" name="Citizen Profile Controller getCitizenProfile should return profile" time="0.057">
    </testcase>
    <testcase classname="Citizen Profile Controller getCitizenProfile should return 404 if user not found" name="Citizen Profile Controller getCitizenProfile should return 404 if user not found" time="0.026">
    </testcase>
    <testcase classname="Citizen Profile Controller getCitizenProfile should return 404 if profile not found" name="Citizen Profile Controller getCitizenProfile should return 404 if profile not found" time="0.008">
    </testcase>
    <testcase classname="Citizen Profile Controller getCitizenProfile should return 500 on error" name="Citizen Profile Controller getCitizenProfile should return 500 on error" time="0.008">
    </testcase>
    <testcase classname="Citizen Profile Controller createCitizenProfile should return 400 if missing required fields" name="Citizen Profile Controller createCitizenProfile should return 400 if missing required fields" time="0.011">
    </testcase>
    <testcase classname="Citizen Profile Controller createCitizenProfile should return 400 if userId missing" name="Citizen Profile Controller createCitizenProfile should return 400 if userId missing" time="0.011">
    </testcase>
    <testcase classname="Citizen Profile Controller createCitizenProfile should return 409 if profile already exists" name="Citizen Profile Controller createCitizenProfile should return 409 if profile already exists" time="0.007">
    </testcase>
    <testcase classname="Citizen Profile Controller createCitizenProfile should create profile and return 201" name="Citizen Profile Controller createCitizenProfile should create profile and return 201" time="0.013">
    </testcase>
    <testcase classname="Citizen Profile Controller createCitizenProfile should return 500 if create fails" name="Citizen Profile Controller createCitizenProfile should return 500 if create fails" time="0.008">
    </testcase>
    <testcase classname="Citizen Profile Controller updateCitizenProfile should return 404 if profile not found" name="Citizen Profile Controller updateCitizenProfile should return 404 if profile not found" time="0.011">
    </testcase>
    <testcase classname="Citizen Profile Controller updateCitizenProfile should update and return 200" name="Citizen Profile Controller updateCitizenProfile should update and return 200" time="0.007">
    </testcase>
    <testcase classname="Citizen Profile Controller updateCitizenProfile should return 500 on error" name="Citizen Profile Controller updateCitizenProfile should return 500 on error" time="0.009">
    </testcase>
    <testcase classname="Citizen Profile Controller deleteCitizenProfile should return 404 if user not found" name="Citizen Profile Controller deleteCitizenProfile should return 404 if user not found" time="0.018">
    </testcase>
    <testcase classname="Citizen Profile Controller deleteCitizenProfile should return 404 if profile not found" name="Citizen Profile Controller deleteCitizenProfile should return 404 if profile not found" time="0.046">
    </testcase>
    <testcase classname="Citizen Profile Controller deleteCitizenProfile should delete user and profile and return 200" name="Citizen Profile Controller deleteCitizenProfile should delete user and profile and return 200" time="0.007">
    </testcase>
    <testcase classname="Citizen Profile Controller deleteCitizenProfile should handle production environment correctly" name="Citizen Profile Controller deleteCitizenProfile should handle production environment correctly" time="0.009">
    </testcase>
    <testcase classname="Citizen Profile Controller deleteCitizenProfile should return 500 on error" name="Citizen Profile Controller deleteCitizenProfile should return 500 on error" time="0.012">
    </testcase>
  </testsuite>
  <testsuite name="Campaign &amp; Donation Joi Schemas" errors="0" failures="0" skipped="0" timestamp="2026-04-11T06:27:40" time="1.346" tests="42">
    <testcase classname="Campaign &amp; Donation Joi Schemas createCampaignSchema should pass with all valid required fields" name="Campaign &amp; Donation Joi Schemas createCampaignSchema should pass with all valid required fields" time="0.025">
    </testcase>
    <testcase classname="Campaign &amp; Donation Joi Schemas createCampaignSchema should pass with optional acceptedItems" name="Campaign &amp; Donation Joi Schemas createCampaignSchema should pass with optional acceptedItems" time="0.005">
    </testcase>
    <testcase classname="Campaign &amp; Donation Joi Schemas createCampaignSchema should fail when title is missing" name="Campaign &amp; Donation Joi Schemas createCampaignSchema should fail when title is missing" time="0.004">
    </testcase>
    <testcase classname="Campaign &amp; Donation Joi Schemas createCampaignSchema should fail when title is shorter than 3 characters" name="Campaign &amp; Donation Joi Schemas createCampaignSchema should fail when title is shorter than 3 characters" time="0.002">
    </testcase>
    <testcase classname="Campaign &amp; Donation Joi Schemas createCampaignSchema should fail when description is missing" name="Campaign &amp; Donation Joi Schemas createCampaignSchema should fail when description is missing" time="0.005">
    </testcase>
    <testcase classname="Campaign &amp; Donation Joi Schemas createCampaignSchema should fail when description is shorter than 10 characters" name="Campaign &amp; Donation Joi Schemas createCampaignSchema should fail when description is shorter than 10 characters" time="0.004">
    </testcase>
    <testcase classname="Campaign &amp; Donation Joi Schemas createCampaignSchema should fail when targetAmount is missing" name="Campaign &amp; Donation Joi Schemas createCampaignSchema should fail when targetAmount is missing" time="0.002">
    </testcase>
    <testcase classname="Campaign &amp; Donation Joi Schemas createCampaignSchema should fail when targetAmount is zero or negative" name="Campaign &amp; Donation Joi Schemas createCampaignSchema should fail when targetAmount is zero or negative" time="0.002">
    </testcase>
    <testcase classname="Campaign &amp; Donation Joi Schemas createCampaignSchema should fail when bankDetails is missing" name="Campaign &amp; Donation Joi Schemas createCampaignSchema should fail when bankDetails is missing" time="0.002">
    </testcase>
    <testcase classname="Campaign &amp; Donation Joi Schemas createCampaignSchema should fail when bankDetails.accountName is missing" name="Campaign &amp; Donation Joi Schemas createCampaignSchema should fail when bankDetails.accountName is missing" time="0.001">
    </testcase>
    <testcase classname="Campaign &amp; Donation Joi Schemas createCampaignSchema should fail when bankDetails.accountNumber is missing" name="Campaign &amp; Donation Joi Schemas createCampaignSchema should fail when bankDetails.accountNumber is missing" time="0.002">
    </testcase>
    <testcase classname="Campaign &amp; Donation Joi Schemas createCampaignSchema should fail when bankDetails.bankName is missing" name="Campaign &amp; Donation Joi Schemas createCampaignSchema should fail when bankDetails.bankName is missing" time="0.003">
    </testcase>
    <testcase classname="Campaign &amp; Donation Joi Schemas createCampaignSchema should fail when bankDetails.branchName is missing" name="Campaign &amp; Donation Joi Schemas createCampaignSchema should fail when bankDetails.branchName is missing" time="0.002">
    </testcase>
    <testcase classname="Campaign &amp; Donation Joi Schemas createCampaignSchema should strip unknown fields" name="Campaign &amp; Donation Joi Schemas createCampaignSchema should strip unknown fields" time="0.018">
    </testcase>
    <testcase classname="Campaign &amp; Donation Joi Schemas createCampaignSchema should trim title and description" name="Campaign &amp; Donation Joi Schemas createCampaignSchema should trim title and description" time="0.001">
    </testcase>
    <testcase classname="Campaign &amp; Donation Joi Schemas updateCampaignSchema should pass with no fields (all optional)" name="Campaign &amp; Donation Joi Schemas updateCampaignSchema should pass with no fields (all optional)" time="0.001">
    </testcase>
    <testcase classname="Campaign &amp; Donation Joi Schemas updateCampaignSchema should pass with only title" name="Campaign &amp; Donation Joi Schemas updateCampaignSchema should pass with only title" time="0.002">
    </testcase>
    <testcase classname="Campaign &amp; Donation Joi Schemas updateCampaignSchema should pass with valid status" name="Campaign &amp; Donation Joi Schemas updateCampaignSchema should pass with valid status" time="0.001">
    </testcase>
    <testcase classname="Campaign &amp; Donation Joi Schemas updateCampaignSchema should accept all valid status values" name="Campaign &amp; Donation Joi Schemas updateCampaignSchema should accept all valid status values" time="0.003">
    </testcase>
    <testcase classname="Campaign &amp; Donation Joi Schemas updateCampaignSchema should fail with invalid status" name="Campaign &amp; Donation Joi Schemas updateCampaignSchema should fail with invalid status" time="0.01">
    </testcase>
    <testcase classname="Campaign &amp; Donation Joi Schemas updateCampaignSchema should fail when title is too short" name="Campaign &amp; Donation Joi Schemas updateCampaignSchema should fail when title is too short" time="0.001">
    </testcase>
    <testcase classname="Campaign &amp; Donation Joi Schemas updateCampaignSchema should fail when description is too short" name="Campaign &amp; Donation Joi Schemas updateCampaignSchema should fail when description is too short" time="0.001">
    </testcase>
    <testcase classname="Campaign &amp; Donation Joi Schemas updateCampaignSchema should pass with bankDetails object" name="Campaign &amp; Donation Joi Schemas updateCampaignSchema should pass with bankDetails object" time="0.001">
    </testcase>
    <testcase classname="Campaign &amp; Donation Joi Schemas updateCampaignSchema should fail when bankDetails is partial (missing required sub-fields)" name="Campaign &amp; Donation Joi Schemas updateCampaignSchema should fail when bankDetails is partial (missing required sub-fields)" time="0.001">
    </testcase>
    <testcase classname="Campaign &amp; Donation Joi Schemas submitDonationSchema should pass with valid required fields" name="Campaign &amp; Donation Joi Schemas submitDonationSchema should pass with valid required fields" time="0.001">
    </testcase>
    <testcase classname="Campaign &amp; Donation Joi Schemas submitDonationSchema should pass with optional donorMessage" name="Campaign &amp; Donation Joi Schemas submitDonationSchema should pass with optional donorMessage" time="0.001">
    </testcase>
    <testcase classname="Campaign &amp; Donation Joi Schemas submitDonationSchema should allow empty string for donorMessage" name="Campaign &amp; Donation Joi Schemas submitDonationSchema should allow empty string for donorMessage" time="0.001">
    </testcase>
    <testcase classname="Campaign &amp; Donation Joi Schemas submitDonationSchema should default declaredAmount to 0 when not provided" name="Campaign &amp; Donation Joi Schemas submitDonationSchema should default declaredAmount to 0 when not provided" time="0.001">
    </testcase>
    <testcase classname="Campaign &amp; Donation Joi Schemas submitDonationSchema should fail when campaignId is missing" name="Campaign &amp; Donation Joi Schemas submitDonationSchema should fail when campaignId is missing" time="0.001">
    </testcase>
    <testcase classname="Campaign &amp; Donation Joi Schemas submitDonationSchema should fail when donationType is missing" name="Campaign &amp; Donation Joi Schemas submitDonationSchema should fail when donationType is missing" time="0.001">
    </testcase>
    <testcase classname="Campaign &amp; Donation Joi Schemas submitDonationSchema should fail with invalid donationType" name="Campaign &amp; Donation Joi Schemas submitDonationSchema should fail with invalid donationType" time="0.002">
    </testcase>
    <testcase classname="Campaign &amp; Donation Joi Schemas submitDonationSchema should accept Money and Supplies as valid donationType" name="Campaign &amp; Donation Joi Schemas submitDonationSchema should accept Money and Supplies as valid donationType" time="0.005">
    </testcase>
    <testcase classname="Campaign &amp; Donation Joi Schemas submitDonationSchema should fail when declaredAmount is negative" name="Campaign &amp; Donation Joi Schemas submitDonationSchema should fail when declaredAmount is negative" time="0.001">
    </testcase>
    <testcase classname="Campaign &amp; Donation Joi Schemas submitDonationSchema should fail when donorMessage exceeds 500 characters" name="Campaign &amp; Donation Joi Schemas submitDonationSchema should fail when donorMessage exceeds 500 characters" time="0.001">
    </testcase>
    <testcase classname="Campaign &amp; Donation Joi Schemas verifyDonationSchema should pass with valid Verified status" name="Campaign &amp; Donation Joi Schemas verifyDonationSchema should pass with valid Verified status" time="0.002">
    </testcase>
    <testcase classname="Campaign &amp; Donation Joi Schemas verifyDonationSchema should pass with valid Rejected status" name="Campaign &amp; Donation Joi Schemas verifyDonationSchema should pass with valid Rejected status" time="0.001">
    </testcase>
    <testcase classname="Campaign &amp; Donation Joi Schemas verifyDonationSchema should fail when confirmedAmount is missing" name="Campaign &amp; Donation Joi Schemas verifyDonationSchema should fail when confirmedAmount is missing" time="0.001">
    </testcase>
    <testcase classname="Campaign &amp; Donation Joi Schemas verifyDonationSchema should fail when status is missing" name="Campaign &amp; Donation Joi Schemas verifyDonationSchema should fail when status is missing" time="0.001">
    </testcase>
    <testcase classname="Campaign &amp; Donation Joi Schemas verifyDonationSchema should fail with invalid status" name="Campaign &amp; Donation Joi Schemas verifyDonationSchema should fail with invalid status" time="0.001">
    </testcase>
    <testcase classname="Campaign &amp; Donation Joi Schemas verifyDonationSchema should fail when confirmedAmount is negative" name="Campaign &amp; Donation Joi Schemas verifyDonationSchema should fail when confirmedAmount is negative" time="0.001">
    </testcase>
    <testcase classname="Campaign &amp; Donation Joi Schemas verifyDonationSchema should allow confirmedAmount of 0" name="Campaign &amp; Donation Joi Schemas verifyDonationSchema should allow confirmedAmount of 0" time="0.001">
    </testcase>
    <testcase classname="Campaign &amp; Donation Joi Schemas verifyDonationSchema should strip unknown fields" name="Campaign &amp; Donation Joi Schemas verifyDonationSchema should strip unknown fields" time="0.001">
    </testcase>
  </testsuite>
  <testsuite name="adminHelpController" errors="0" failures="0" skipped="0" timestamp="2026-04-11T06:27:40" time="1.455" tests="13">
    <testcase classname="adminHelpController updateHelpRequest returns 400 for invalid id" name="adminHelpController updateHelpRequest returns 400 for invalid id" time="0.022">
    </testcase>
    <testcase classname="adminHelpController updateHelpRequest rejects unsupported status values" name="adminHelpController updateHelpRequest rejects unsupported status values" time="0.003">
    </testcase>
    <testcase classname="adminHelpController updateHelpRequest rejects assignment updates via updateHelpRequest" name="adminHelpController updateHelpRequest rejects assignment updates via updateHelpRequest" time="0.002">
    </testcase>
    <testcase classname="adminHelpController assignHelpRequest rejects offline organizations" name="adminHelpController assignHelpRequest rejects offline organizations" time="0.004">
    </testcase>
    <testcase classname="adminHelpController assignHelpRequest assigns and links organization when valid" name="adminHelpController assignHelpRequest assigns and links organization when valid" time="0.091">
    </testcase>
    <testcase classname="adminHelpController resolveHelpRequest marks resolved and increments NGO completedTasks" name="adminHelpController resolveHelpRequest marks resolved and increments NGO completedTasks" time="0.005">
    </testcase>
    <testcase classname="adminHelpController resolveHelpRequest does not increment completedTasks for non-completed assignments" name="adminHelpController resolveHelpRequest does not increment completedTasks for non-completed assignments" time="0.002">
    </testcase>
    <testcase classname="adminHelpController rejectHelpRequest requires rejection reason" name="adminHelpController rejectHelpRequest requires rejection reason" time="0.003">
    </testcase>
    <testcase classname="adminHelpController verifyHelpRequest only verifies pending requests" name="adminHelpController verifyHelpRequest only verifies pending requests" time="0.002">
    </testcase>
    <testcase classname="adminHelpController getAdminHelpRequestById returns 400 for invalid id" name="adminHelpController getAdminHelpRequestById returns 400 for invalid id" time="0.002">
    </testcase>
    <testcase classname="adminHelpController getAdminHelpRequestById returns populated request when found" name="adminHelpController getAdminHelpRequestById returns populated request when found" time="0.002">
    </testcase>
    <testcase classname="adminHelpController getAdminHelpRequests supports unassigned filter" name="adminHelpController getAdminHelpRequests supports unassigned filter" time="0.003">
    </testcase>
    <testcase classname="adminHelpController assignHelpRequest - multiple NGOs assigns help request to multiple NGOs and stores assignments as subdocuments" name="adminHelpController assignHelpRequest - multiple NGOs assigns help request to multiple NGOs and stores assignments as subdocuments" time="0.01">
    </testcase>
  </testsuite>
  <testsuite name="Password Service" errors="0" failures="0" skipped="0" timestamp="2026-04-11T06:27:40" time="1.701" tests="3">
    <testcase classname="Password Service hashPassword should return a different string than plain password" name="Password Service hashPassword should return a different string than plain password" time="0.198">
    </testcase>
    <testcase classname="Password Service comparePassword should return true for correct password" name="Password Service comparePassword should return true for correct password" time="0.317">
    </testcase>
    <testcase classname="Password Service comparePassword should return false for wrong password" name="Password Service comparePassword should return false for wrong password" time="0.331">
    </testcase>
  </testsuite>
  <testsuite name="validateBody Middleware" errors="0" failures="0" skipped="0" timestamp="2026-04-11T06:27:41" time="0.527" tests="3">
    <testcase classname="validateBody Middleware should pass when body is valid" name="validateBody Middleware should pass when body is valid" time="0.018">
    </testcase>
    <testcase classname="validateBody Middleware should return 400 when body is invalid" name="validateBody Middleware should return 400 when body is invalid" time="0.017">
    </testcase>
    <testcase classname="validateBody Middleware should strip unknown fields when stripUnknown is enabled" name="validateBody Middleware should strip unknown fields when stripUnknown is enabled" time="0.004">
    </testcase>
  </testsuite>
  <testsuite name="Campaign Controller - Unit Tests" errors="0" failures="0" skipped="0" timestamp="2026-04-11T06:27:41" time="0.406" tests="26">
    <testcase classname="Campaign Controller - Unit Tests createCampaign should create a campaign and return 201" name="Campaign Controller - Unit Tests createCampaign should create a campaign and return 201" time="0.013">
    </testcase>
    <testcase classname="Campaign Controller - Unit Tests createCampaign should attach ngoId from req.user._id" name="Campaign Controller - Unit Tests createCampaign should attach ngoId from req.user._id" time="0.001">
    </testcase>
    <testcase classname="Campaign Controller - Unit Tests createCampaign should store campaignImageUrl when an image file is uploaded" name="Campaign Controller - Unit Tests createCampaign should store campaignImageUrl when an image file is uploaded" time="0.002">
    </testcase>
    <testcase classname="Campaign Controller - Unit Tests createCampaign should return 500 when Campaign.create throws" name="Campaign Controller - Unit Tests createCampaign should return 500 when Campaign.create throws" time="0.002">
    </testcase>
    <testcase classname="Campaign Controller - Unit Tests updateCampaign should return 404 when campaign does not exist" name="Campaign Controller - Unit Tests updateCampaign should return 404 when campaign does not exist" time="0.01">
    </testcase>
    <testcase classname="Campaign Controller - Unit Tests updateCampaign should return 403 when user is not the campaign owner" name="Campaign Controller - Unit Tests updateCampaign should return 403 when user is not the campaign owner" time="0.002">
    </testcase>
    <testcase classname="Campaign Controller - Unit Tests updateCampaign should update campaign and return 200 for the owner" name="Campaign Controller - Unit Tests updateCampaign should update campaign and return 200 for the owner" time="0.003">
    </testcase>
    <testcase classname="Campaign Controller - Unit Tests updateCampaign should update campaignImageUrl when a new image file is uploaded" name="Campaign Controller - Unit Tests updateCampaign should update campaignImageUrl when a new image file is uploaded" time="0.003">
    </testcase>
    <testcase classname="Campaign Controller - Unit Tests updateCampaign should update status field when provided" name="Campaign Controller - Unit Tests updateCampaign should update status field when provided" time="0.001">
    </testcase>
    <testcase classname="Campaign Controller - Unit Tests updateCampaign should return 500 when save throws" name="Campaign Controller - Unit Tests updateCampaign should return 500 when save throws" time="0.002">
    </testcase>
    <testcase classname="Campaign Controller - Unit Tests getAllActiveCampaigns should return all active campaigns with 200" name="Campaign Controller - Unit Tests getAllActiveCampaigns should return all active campaigns with 200" time="0.002">
    </testcase>
    <testcase classname="Campaign Controller - Unit Tests getAllActiveCampaigns should return empty array when no active campaigns exist" name="Campaign Controller - Unit Tests getAllActiveCampaigns should return empty array when no active campaigns exist" time="0.002">
    </testcase>
    <testcase classname="Campaign Controller - Unit Tests getAllActiveCampaigns should populate ngoId with name and email" name="Campaign Controller - Unit Tests getAllActiveCampaigns should populate ngoId with name and email" time="0.001">
    </testcase>
    <testcase classname="Campaign Controller - Unit Tests getAllActiveCampaigns should return 500 on database error" name="Campaign Controller - Unit Tests getAllActiveCampaigns should return 500 on database error" time="0.002">
    </testcase>
    <testcase classname="Campaign Controller - Unit Tests getMyCampaigns should return NGO campaigns sorted with 200" name="Campaign Controller - Unit Tests getMyCampaigns should return NGO campaigns sorted with 200" time="0.002">
    </testcase>
    <testcase classname="Campaign Controller - Unit Tests getMyCampaigns should include status filter when valid" name="Campaign Controller - Unit Tests getMyCampaigns should include status filter when valid" time="0.001">
    </testcase>
    <testcase classname="Campaign Controller - Unit Tests getMyCampaigns should ignore status filter when invalid" name="Campaign Controller - Unit Tests getMyCampaigns should ignore status filter when invalid" time="0.001">
    </testcase>
    <testcase classname="Campaign Controller - Unit Tests getMyCampaigns should return 500 on database error" name="Campaign Controller - Unit Tests getMyCampaigns should return 500 on database error" time="0.002">
    </testcase>
    <testcase classname="Campaign Controller - Unit Tests cancelCampaign should return 404 when campaign does not exist" name="Campaign Controller - Unit Tests cancelCampaign should return 404 when campaign does not exist" time="0.002">
    </testcase>
    <testcase classname="Campaign Controller - Unit Tests cancelCampaign should return 403 when NGO is not campaign owner" name="Campaign Controller - Unit Tests cancelCampaign should return 403 when NGO is not campaign owner" time="0.008">
    </testcase>
    <testcase classname="Campaign Controller - Unit Tests cancelCampaign should set status to Cancelled and return 200 for owner" name="Campaign Controller - Unit Tests cancelCampaign should set status to Cancelled and return 200 for owner" time="0.001">
    </testcase>
    <testcase classname="Campaign Controller - Unit Tests cancelCampaign should return 500 when save throws" name="Campaign Controller - Unit Tests cancelCampaign should return 500 when save throws" time="0.002">
    </testcase>
    <testcase classname="Campaign Controller - Unit Tests getCampaignById should return 200 with campaign when found" name="Campaign Controller - Unit Tests getCampaignById should return 200 with campaign when found" time="0.002">
    </testcase>
    <testcase classname="Campaign Controller - Unit Tests getCampaignById should return 404 when campaign not found" name="Campaign Controller - Unit Tests getCampaignById should return 404 when campaign not found" time="0.001">
    </testcase>
    <testcase classname="Campaign Controller - Unit Tests getCampaignById should populate ngoId with name and email" name="Campaign Controller - Unit Tests getCampaignById should populate ngoId with name and email" time="0.001">
    </testcase>
    <testcase classname="Campaign Controller - Unit Tests getCampaignById should return 500 on database error" name="Campaign Controller - Unit Tests getCampaignById should return 500 on database error" time="0.001">
    </testcase>
  </testsuite>
  <testsuite name="Donation Controller - Unit Tests" errors="0" failures="0" skipped="0" timestamp="2026-04-11T06:27:41" time="0.458" tests="29">
    <testcase classname="Donation Controller - Unit Tests submitDonation should return 400 when no proof image is uploaded" name="Donation Controller - Unit Tests submitDonation should return 400 when no proof image is uploaded" time="0.011">
    </testcase>
    <testcase classname="Donation Controller - Unit Tests submitDonation should return 404 when campaign does not exist" name="Donation Controller - Unit Tests submitDonation should return 404 when campaign does not exist" time="0.003">
    </testcase>
    <testcase classname="Donation Controller - Unit Tests submitDonation should return 400 when campaign is not active" name="Donation Controller - Unit Tests submitDonation should return 400 when campaign is not active" time="0.003">
    </testcase>
    <testcase classname="Donation Controller - Unit Tests submitDonation should create donation and return 201 on success" name="Donation Controller - Unit Tests submitDonation should create donation and return 201 on success" time="0.004">
    </testcase>
    <testcase classname="Donation Controller - Unit Tests submitDonation should default declaredAmount to 0 when not provided" name="Donation Controller - Unit Tests submitDonation should default declaredAmount to 0 when not provided" time="0.002">
    </testcase>
    <testcase classname="Donation Controller - Unit Tests submitDonation should default donorMessage to empty string when not provided" name="Donation Controller - Unit Tests submitDonation should default donorMessage to empty string when not provided" time="0.001">
    </testcase>
    <testcase classname="Donation Controller - Unit Tests submitDonation should use req.file.path as proofImageUrl" name="Donation Controller - Unit Tests submitDonation should use req.file.path as proofImageUrl" time="0.001">
    </testcase>
    <testcase classname="Donation Controller - Unit Tests submitDonation should return 500 when Donation.create throws" name="Donation Controller - Unit Tests submitDonation should return 500 when Donation.create throws" time="0.002">
    </testcase>
    <testcase classname="Donation Controller - Unit Tests getCampaignDonations should return 404 when campaign does not exist" name="Donation Controller - Unit Tests getCampaignDonations should return 404 when campaign does not exist" time="0.002">
    </testcase>
    <testcase classname="Donation Controller - Unit Tests getCampaignDonations should return 403 when NGO does not own the campaign" name="Donation Controller - Unit Tests getCampaignDonations should return 403 when NGO does not own the campaign" time="0.002">
    </testcase>
    <testcase classname="Donation Controller - Unit Tests getCampaignDonations should return 200 with donations for owner NGO" name="Donation Controller - Unit Tests getCampaignDonations should return 200 with donations for owner NGO" time="0.002">
    </testcase>
    <testcase classname="Donation Controller - Unit Tests getCampaignDonations should return empty array when no donations exist" name="Donation Controller - Unit Tests getCampaignDonations should return empty array when no donations exist" time="0.002">
    </testcase>
    <testcase classname="Donation Controller - Unit Tests getCampaignDonations should populate donorId with name and email" name="Donation Controller - Unit Tests getCampaignDonations should populate donorId with name and email" time="0.002">
    </testcase>
    <testcase classname="Donation Controller - Unit Tests getCampaignDonations should return 500 on database error" name="Donation Controller - Unit Tests getCampaignDonations should return 500 on database error" time="0.003">
    </testcase>
    <testcase classname="Donation Controller - Unit Tests getCampaignDonations should filter campaign donations by a valid status" name="Donation Controller - Unit Tests getCampaignDonations should filter campaign donations by a valid status" time="0.002">
    </testcase>
    <testcase classname="Donation Controller - Unit Tests getCampaignDonations should return 400 for invalid status filter" name="Donation Controller - Unit Tests getCampaignDonations should return 400 for invalid status filter" time="0.001">
    </testcase>
    <testcase classname="Donation Controller - Unit Tests getDonationById should return 404 when donation does not exist" name="Donation Controller - Unit Tests getDonationById should return 404 when donation does not exist" time="0.002">
    </testcase>
    <testcase classname="Donation Controller - Unit Tests getDonationById should return 404 when parent campaign is missing" name="Donation Controller - Unit Tests getDonationById should return 404 when parent campaign is missing" time="0.002">
    </testcase>
    <testcase classname="Donation Controller - Unit Tests getDonationById should return 403 when NGO does not own parent campaign" name="Donation Controller - Unit Tests getDonationById should return 403 when NGO does not own parent campaign" time="0.002">
    </testcase>
    <testcase classname="Donation Controller - Unit Tests getDonationById should return donation details for campaign owner NGO" name="Donation Controller - Unit Tests getDonationById should return donation details for campaign owner NGO" time="0.001">
    </testcase>
    <testcase classname="Donation Controller - Unit Tests verifyDonation should return 404 when donation does not exist" name="Donation Controller - Unit Tests verifyDonation should return 404 when donation does not exist" time="0.002">
    </testcase>
    <testcase classname="Donation Controller - Unit Tests verifyDonation should return 400 when donation is already processed" name="Donation Controller - Unit Tests verifyDonation should return 400 when donation is already processed" time="0.002">
    </testcase>
    <testcase classname="Donation Controller - Unit Tests verifyDonation should return 400 when donation was previously rejected" name="Donation Controller - Unit Tests verifyDonation should return 400 when donation was previously rejected" time="0.001">
    </testcase>
    <testcase classname="Donation Controller - Unit Tests verifyDonation should return 404 when parent campaign not found" name="Donation Controller - Unit Tests verifyDonation should return 404 when parent campaign not found" time="0.001">
    </testcase>
    <testcase classname="Donation Controller - Unit Tests verifyDonation should return 403 when NGO does not own the parent campaign" name="Donation Controller - Unit Tests verifyDonation should return 403 when NGO does not own the parent campaign" time="0.002">
    </testcase>
    <testcase classname="Donation Controller - Unit Tests verifyDonation should verify donation and increment raisedAmount with $inc" name="Donation Controller - Unit Tests verifyDonation should verify donation and increment raisedAmount with $inc" time="0.002">
    </testcase>
    <testcase classname="Donation Controller - Unit Tests verifyDonation should NOT increment raisedAmount when confirmedAmount is 0" name="Donation Controller - Unit Tests verifyDonation should NOT increment raisedAmount when confirmedAmount is 0" time="0.002">
    </testcase>
    <testcase classname="Donation Controller - Unit Tests verifyDonation should NOT increment raisedAmount when status is Rejected" name="Donation Controller - Unit Tests verifyDonation should NOT increment raisedAmount when status is Rejected" time="0.002">
    </testcase>
    <testcase classname="Donation Controller - Unit Tests verifyDonation should return 500 when donation save throws" name="Donation Controller - Unit Tests verifyDonation should return 500 when donation save throws" time="0.001">
    </testcase>
  </testsuite>
  <testsuite name="Location Controller - Unit Tests" errors="0" failures="0" skipped="0" timestamp="2026-04-11T06:27:41" time="0.343" tests="10">
    <testcase classname="Location Controller - Unit Tests startSharing should return 400 if lat/lng missing" name="Location Controller - Unit Tests startSharing should return 400 if lat/lng missing" time="0.022">
    </testcase>
    <testcase classname="Location Controller - Unit Tests startSharing should return 201 and start sharing" name="Location Controller - Unit Tests startSharing should return 201 and start sharing" time="0.005">
    </testcase>
    <testcase classname="Location Controller - Unit Tests updateLocation should update location using instance method" name="Location Controller - Unit Tests updateLocation should update location using instance method" time="0.003">
    </testcase>
    <testcase classname="Location Controller - Unit Tests updateLocation should return 404 if session not found" name="Location Controller - Unit Tests updateLocation should return 404 if session not found" time="0.001">
    </testcase>
    <testcase classname="Location Controller - Unit Tests stopSharing should stop sharing using findOneAndUpdate" name="Location Controller - Unit Tests stopSharing should stop sharing using findOneAndUpdate" time="0.002">
    </testcase>
    <testcase classname="Location Controller - Unit Tests getLocation should return location and current status" name="Location Controller - Unit Tests getLocation should return location and current status" time="0.003">
    </testcase>
    <testcase classname="Location Controller - Unit Tests getActiveSessions should return active sessions" name="Location Controller - Unit Tests getActiveSessions should return active sessions" time="0.003">
    </testcase>
    <testcase classname="Location Controller - Unit Tests activateEmergency / markSafe should activate emergency" name="Location Controller - Unit Tests activateEmergency / markSafe should activate emergency" time="0.001">
    </testcase>
    <testcase classname="Location Controller - Unit Tests activateEmergency / markSafe should mark user safe" name="Location Controller - Unit Tests activateEmergency / markSafe should mark user safe" time="0.002">
    </testcase>
    <testcase classname="Location Controller - Unit Tests findNearby should return nearby locations" name="Location Controller - Unit Tests findNearby should return nearby locations" time="0.002">
    </testcase>
  </testsuite>
  <testsuite name="NGO Profile Controller" errors="0" failures="0" skipped="0" timestamp="2026-04-11T06:27:42" time="0.335" tests="14">
    <testcase classname="NGO Profile Controller createNgoProfile should return 409 if profile exists" name="NGO Profile Controller createNgoProfile should return 409 if profile exists" time="0.012">
    </testcase>
    <testcase classname="NGO Profile Controller createNgoProfile should return 400 if required fields missing" name="NGO Profile Controller createNgoProfile should return 400 if required fields missing" time="0.003">
    </testcase>
    <testcase classname="NGO Profile Controller createNgoProfile should create profile and return 201" name="NGO Profile Controller createNgoProfile should create profile and return 201" time="0.005">
    </testcase>
    <testcase classname="NGO Profile Controller getNgoProfile should return 404 if user not found" name="NGO Profile Controller getNgoProfile should return 404 if user not found" time="0.003">
    </testcase>
    <testcase classname="NGO Profile Controller getNgoProfile should return 404 if profile not found" name="NGO Profile Controller getNgoProfile should return 404 if profile not found" time="0.002">
    </testcase>
    <testcase classname="NGO Profile Controller getNgoProfile should return merged profileData with name and email" name="NGO Profile Controller getNgoProfile should return merged profileData with name and email" time="0.002">
    </testcase>
    <testcase classname="NGO Profile Controller updateNgoProfile should return 404 if profile not found" name="NGO Profile Controller updateNgoProfile should return 404 if profile not found" time="0.002">
    </testcase>
    <testcase classname="NGO Profile Controller updateNgoProfile should update and return 200" name="NGO Profile Controller updateNgoProfile should update and return 200" time="0.002">
    </testcase>
    <testcase classname="NGO Profile Controller updateAvailabilityStatus (NGO) should return 400 for invalid status" name="NGO Profile Controller updateAvailabilityStatus (NGO) should return 400 for invalid status" time="0.002">
    </testcase>
    <testcase classname="NGO Profile Controller updateAvailabilityStatus (NGO) should return 404 if profile not found" name="NGO Profile Controller updateAvailabilityStatus (NGO) should return 404 if profile not found" time="0.001">
    </testcase>
    <testcase classname="NGO Profile Controller updateAvailabilityStatus (NGO) should update status and return 200" name="NGO Profile Controller updateAvailabilityStatus (NGO) should update status and return 200" time="0.001">
    </testcase>
    <testcase classname="NGO Profile Controller deleteNgoProfile should return 404 if user not found" name="NGO Profile Controller deleteNgoProfile should return 404 if user not found" time="0.002">
    </testcase>
    <testcase classname="NGO Profile Controller deleteNgoProfile should return 404 if profile not found" name="NGO Profile Controller deleteNgoProfile should return 404 if profile not found" time="0.007">
    </testcase>
    <testcase classname="NGO Profile Controller deleteNgoProfile should delete user + profile, clear cookie, return 200" name="NGO Profile Controller deleteNgoProfile should delete user + profile, clear cookie, return 200" time="0.002">
    </testcase>
  </testsuite>
  <testsuite name="ngoHelpController" errors="0" failures="0" skipped="0" timestamp="2026-04-11T06:27:42" time="0.401" tests="25">
    <testcase classname="ngoHelpController approval gate returns 404 when NGO profile does not exist" name="ngoHelpController approval gate returns 404 when NGO profile does not exist" time="0.011">
    </testcase>
    <testcase classname="ngoHelpController approval gate returns 403 when approvalStatus is pending" name="ngoHelpController approval gate returns 403 when approvalStatus is pending" time="0.002">
    </testcase>
    <testcase classname="ngoHelpController approval gate returns 403 when approvalStatus is suspended" name="ngoHelpController approval gate returns 403 when approvalStatus is suspended" time="0.005">
    </testcase>
    <testcase classname="ngoHelpController getMyTasks returns paginated list for approved NGO" name="ngoHelpController getMyTasks returns paginated list for approved NGO" time="0.016">
    </testcase>
    <testcase classname="ngoHelpController getMyTasks returns 400 for invalid status filter" name="ngoHelpController getMyTasks returns 400 for invalid status filter" time="0.002">
    </testcase>
    <testcase classname="ngoHelpController getMyTasks passes status filter to query when valid" name="ngoHelpController getMyTasks passes status filter to query when valid" time="0.002">
    </testcase>
    <testcase classname="ngoHelpController getPerformance returns profile stats and aggregated assignment counts" name="ngoHelpController getPerformance returns profile stats and aggregated assignment counts" time="0.002">
    </testcase>
    <testcase classname="ngoHelpController getTaskDetail returns 400 for invalid ObjectId" name="ngoHelpController getTaskDetail returns 400 for invalid ObjectId" time="0.003">
    </testcase>
    <testcase classname="ngoHelpController getTaskDetail returns 404 when help request not found or NGO not in assignments" name="ngoHelpController getTaskDetail returns 404 when help request not found or NGO not in assignments" time="0.001">
    </testcase>
    <testcase classname="ngoHelpController getTaskDetail returns help request on success" name="ngoHelpController getTaskDetail returns help request on success" time="0.001">
    </testcase>
    <testcase classname="ngoHelpController acceptTask returns 404 when help request not found" name="ngoHelpController acceptTask returns 404 when help request not found" time="0.002">
    </testcase>
    <testcase classname="ngoHelpController acceptTask returns 404 when NGO is not in assignments" name="ngoHelpController acceptTask returns 404 when NGO is not in assignments" time="0.001">
    </testcase>
    <testcase classname="ngoHelpController acceptTask returns 400 when assignment is not in assigned state" name="ngoHelpController acceptTask returns 400 when assignment is not in assigned state" time="0.003">
    </testcase>
    <testcase classname="ngoHelpController acceptTask accepts task and adds to acceptedRequests" name="ngoHelpController acceptTask accepts task and adds to acceptedRequests" time="0.008">
    </testcase>
    <testcase classname="ngoHelpController acceptTask does not duplicate requestId in acceptedRequests" name="ngoHelpController acceptTask does not duplicate requestId in acceptedRequests" time="0.021">
    </testcase>
    <testcase classname="ngoHelpController declineTask returns 400 when assignment is not in assigned state" name="ngoHelpController declineTask returns 400 when assignment is not in assigned state" time="0.002">
    </testcase>
    <testcase classname="ngoHelpController declineTask sets assignment status to declined and stores reason" name="ngoHelpController declineTask sets assignment status to declined and stores reason" time="0.001">
    </testcase>
    <testcase classname="ngoHelpController declineTask works without a reason provided" name="ngoHelpController declineTask works without a reason provided" time="0.001">
    </testcase>
    <testcase classname="ngoHelpController markInProgress returns 400 when assignment is not accepted" name="ngoHelpController markInProgress returns 400 when assignment is not accepted" time="0.001">
    </testcase>
    <testcase classname="ngoHelpController markInProgress sets assignment to in-progress and promotes help request status" name="ngoHelpController markInProgress sets assignment to in-progress and promotes help request status" time="0.002">
    </testcase>
    <testcase classname="ngoHelpController markInProgress does not downgrade a resolved help request status" name="ngoHelpController markInProgress does not downgrade a resolved help request status" time="0.002">
    </testcase>
    <testcase classname="ngoHelpController markCompleted returns 400 when assignment is not in-progress" name="ngoHelpController markCompleted returns 400 when assignment is not in-progress" time="0.001">
    </testcase>
    <testcase classname="ngoHelpController markCompleted marks assignment completed and increments completedTasks" name="ngoHelpController markCompleted marks assignment completed and increments completedTasks" time="0.002">
    </testcase>
    <testcase classname="ngoHelpController markCompleted resolves help request when all assignments are done" name="ngoHelpController markCompleted resolves help request when all assignments are done" time="0.002">
    </testcase>
    <testcase classname="ngoHelpController markCompleted does NOT resolve help request when other assignments are still pending" name="ngoHelpController markCompleted does NOT resolve help request when other assignments are still pending" time="0.002">
    </testcase>
  </testsuite>
  <testsuite name="normalizeCampaignBody middleware" errors="0" failures="0" skipped="0" timestamp="2026-04-11T06:27:42" time="0.315" tests="5">
    <testcase classname="normalizeCampaignBody middleware parses bankDetails JSON string into object" name="normalizeCampaignBody middleware parses bankDetails JSON string into object" time="0.007">
    </testcase>
    <testcase classname="normalizeCampaignBody middleware parses acceptedItems JSON array string" name="normalizeCampaignBody middleware parses acceptedItems JSON array string" time="0.001">
    </testcase>
    <testcase classname="normalizeCampaignBody middleware parses acceptedItems comma-separated string" name="normalizeCampaignBody middleware parses acceptedItems comma-separated string" time="0.007">
    </testcase>
    <testcase classname="normalizeCampaignBody middleware normalizes bankDetails from dotted multipart fields" name="normalizeCampaignBody middleware normalizes bankDetails from dotted multipart fields" time="0.002">
    </testcase>
    <testcase classname="normalizeCampaignBody middleware returns 400 for invalid bankDetails JSON" name="normalizeCampaignBody middleware returns 400 for invalid bankDetails JSON" time="0.003">
    </testcase>
  </testsuite>
  <testsuite name="Socket.IO Service" errors="0" failures="0" skipped="0" timestamp="2026-04-11T06:27:42" time="0.486" tests="12">
    <testcase classname="Socket.IO Service Initialization should be defined" name="Socket.IO Service Initialization should be defined" time="0.005">
    </testcase>
    <testcase classname="Socket.IO Service Initialization should have io property" name="Socket.IO Service Initialization should have io property" time="0.002">
    </testcase>
    <testcase classname="Socket.IO Service Initialization should initialize with io instance" name="Socket.IO Service Initialization should initialize with io instance" time="0.028">
    </testcase>
    <testcase classname="Socket.IO Service Broadcast Methods should have all broadcast methods" name="Socket.IO Service Broadcast Methods should have all broadcast methods" time="0.003">
    </testcase>
    <testcase classname="Socket.IO Service Broadcast Methods should handle broadcasts when io is not initialized gracefully" name="Socket.IO Service Broadcast Methods should handle broadcasts when io is not initialized gracefully" time="0.008">
    </testcase>
    <testcase classname="Socket.IO Service Broadcast Methods should broadcast new report when io is initialized" name="Socket.IO Service Broadcast Methods should broadcast new report when io is initialized" time="0.108">
    </testcase>
    <testcase classname="Socket.IO Service Broadcast Methods should broadcast person found alert" name="Socket.IO Service Broadcast Methods should broadcast person found alert" time="0.006">
    </testcase>
    <testcase classname="Socket.IO Service Broadcast Methods should broadcast new sighting" name="Socket.IO Service Broadcast Methods should broadcast new sighting" time="0.003">
    </testcase>
    <testcase classname="Socket.IO Service Helper Methods should return 0 for connected clients when io is null" name="Socket.IO Service Helper Methods should return 0 for connected clients when io is null" time="0.001">
    </testcase>
    <testcase classname="Socket.IO Service Helper Methods should return correct client count when io is initialized" name="Socket.IO Service Helper Methods should return correct client count when io is initialized" time="0.003">
    </testcase>
    <testcase classname="Socket.IO Service Helper Methods should send to specific room" name="Socket.IO Service Helper Methods should send to specific room" time="0.01">
    </testcase>
    <testcase classname="Socket.IO Service Broadcast Statistics should broadcast statistics update" name="Socket.IO Service Broadcast Statistics should broadcast statistics update" time="0.003">
    </testcase>
  </testsuite>
  <testsuite name="Missing Person Service" errors="0" failures="0" skipped="0" timestamp="2026-04-11T06:27:40" time="2.38" tests="13">
    <testcase classname="Missing Person Service createReport should create report and broadcast" name="Missing Person Service createReport should create report and broadcast" time="0.037">
    </testcase>
    <testcase classname="Missing Person Service createReport should throw error on save failure" name="Missing Person Service createReport should throw error on save failure" time="0.048">
    </testcase>
    <testcase classname="Missing Person Service getAllReports should return reports with pagination" name="Missing Person Service getAllReports should return reports with pagination" time="0.008">
    </testcase>
    <testcase classname="Missing Person Service getAllReports should apply filters correctly" name="Missing Person Service getAllReports should apply filters correctly" time="0.005">
    </testcase>
    <testcase classname="Missing Person Service getReportById should return report when found" name="Missing Person Service getReportById should return report when found" time="0.003">
    </testcase>
    <testcase classname="Missing Person Service getReportById should throw error when report not found" name="Missing Person Service getReportById should throw error when report not found" time="0.002">
    </testcase>
    <testcase classname="Missing Person Service updateReport should update report and broadcast status update" name="Missing Person Service updateReport should update report and broadcast status update" time="0.003">
    </testcase>
    <testcase classname="Missing Person Service updateReport should broadcast regular update when status not changed to Found" name="Missing Person Service updateReport should broadcast regular update when status not changed to Found" time="0.007">
    </testcase>
    <testcase classname="Missing Person Service deleteReport should soft delete report and broadcast" name="Missing Person Service deleteReport should soft delete report and broadcast" time="0.002">
    </testcase>
    <testcase classname="Missing Person Service addSighting should add sighting and broadcast" name="Missing Person Service addSighting should add sighting and broadcast" time="0.002">
    </testcase>
    <testcase classname="Missing Person Service searchByLocation should search reports near coordinates" name="Missing Person Service searchByLocation should search reports near coordinates" time="0.004">
    </testcase>
    <testcase classname="Missing Person Service getStatistics should return statistics with correct structure" name="Missing Person Service getStatistics should return statistics with correct structure" time="0.009">
    </testcase>
    <testcase classname="Missing Person Service getStatistics should handle empty priority data" name="Missing Person Service getStatistics should handle empty priority data" time="0.001">
    </testcase>
  </testsuite>
  <testsuite name="Auth Controller Unit Tests" errors="0" failures="0" skipped="0" timestamp="2026-04-11T06:27:40" time="2.446" tests="25">
    <testcase classname="Auth Controller Unit Tests registerUser should return 400 if required fields are missing" name="Auth Controller Unit Tests registerUser should return 400 if required fields are missing" time="0.027">
    </testcase>
    <testcase classname="Auth Controller Unit Tests registerUser should return 409 if email already exists" name="Auth Controller Unit Tests registerUser should return 409 if email already exists" time="0.003">
    </testcase>
    <testcase classname="Auth Controller Unit Tests registerUser should create user, set cookie, and return 201 on success" name="Auth Controller Unit Tests registerUser should create user, set cookie, and return 201 on success" time="0.008">
    </testcase>
    <testcase classname="Auth Controller Unit Tests registerUser should return 500 if DB throws error" name="Auth Controller Unit Tests registerUser should return 500 if DB throws error" time="0.003">
    </testcase>
    <testcase classname="Auth Controller Unit Tests loginUser should return 400 if email or password missing" name="Auth Controller Unit Tests loginUser should return 400 if email or password missing" time="0.002">
    </testcase>
    <testcase classname="Auth Controller Unit Tests loginUser should return 401 if user not found" name="Auth Controller Unit Tests loginUser should return 401 if user not found" time="0.001">
    </testcase>
    <testcase classname="Auth Controller Unit Tests loginUser should return 401 if password invalid" name="Auth Controller Unit Tests loginUser should return 401 if password invalid" time="0.001">
    </testcase>
    <testcase classname="Auth Controller Unit Tests loginUser should return 400 if account is not verified" name="Auth Controller Unit Tests loginUser should return 400 if account is not verified" time="0.003">
    </testcase>
    <testcase classname="Auth Controller Unit Tests loginUser should set cookie and return 200 on success" name="Auth Controller Unit Tests loginUser should set cookie and return 200 on success" time="0.003">
    </testcase>
    <testcase classname="Auth Controller Unit Tests logoutUser should clear cookie and return 200" name="Auth Controller Unit Tests logoutUser should clear cookie and return 200" time="0.002">
    </testcase>
    <testcase classname="Auth Controller Unit Tests sendOTP should return 400 if account already verified" name="Auth Controller Unit Tests sendOTP should return 400 if account already verified" time="0.004">
    </testcase>
    <testcase classname="Auth Controller Unit Tests sendOTP should generate otp, save user, and send email" name="Auth Controller Unit Tests sendOTP should generate otp, save user, and send email" time="0.062">
    </testcase>
    <testcase classname="Auth Controller Unit Tests verifyUserAccount should return 400 if missing id or otp" name="Auth Controller Unit Tests verifyUserAccount should return 400 if missing id or otp" time="0.002">
    </testcase>
    <testcase classname="Auth Controller Unit Tests verifyUserAccount should return 400 if invalid otp" name="Auth Controller Unit Tests verifyUserAccount should return 400 if invalid otp" time="0.001">
    </testcase>
    <testcase classname="Auth Controller Unit Tests verifyUserAccount should return 400 if otp expired" name="Auth Controller Unit Tests verifyUserAccount should return 400 if otp expired" time="0.002">
    </testcase>
    <testcase classname="Auth Controller Unit Tests verifyUserAccount should verify account and send welcome email" name="Auth Controller Unit Tests verifyUserAccount should verify account and send welcome email" time="0.007">
    </testcase>
    <testcase classname="Auth Controller Unit Tests sendResetOtp should return 400 if email missing" name="Auth Controller Unit Tests sendResetOtp should return 400 if email missing" time="0.002">
    </testcase>
    <testcase classname="Auth Controller Unit Tests sendResetOtp should return 400 if user not found" name="Auth Controller Unit Tests sendResetOtp should return 400 if user not found" time="0.002">
    </testcase>
    <testcase classname="Auth Controller Unit Tests sendResetOtp should save reset otp and send email" name="Auth Controller Unit Tests sendResetOtp should save reset otp and send email" time="0.003">
    </testcase>
    <testcase classname="Auth Controller Unit Tests verifyResetOtp should return 400 if missing email or code" name="Auth Controller Unit Tests verifyResetOtp should return 400 if missing email or code" time="0.002">
    </testcase>
    <testcase classname="Auth Controller Unit Tests verifyResetOtp should return 400 if invalid otp" name="Auth Controller Unit Tests verifyResetOtp should return 400 if invalid otp" time="0.002">
    </testcase>
    <testcase classname="Auth Controller Unit Tests verifyResetOtp should return 200 if otp is valid and not expired" name="Auth Controller Unit Tests verifyResetOtp should return 200 if otp is valid and not expired" time="0.003">
    </testcase>
    <testcase classname="Auth Controller Unit Tests resetPassword should return 400 if missing email or newPassword" name="Auth Controller Unit Tests resetPassword should return 400 if missing email or newPassword" time="0.003">
    </testcase>
    <testcase classname="Auth Controller Unit Tests resetPassword should return 400 if user not found" name="Auth Controller Unit Tests resetPassword should return 400 if user not found" time="0.002">
    </testcase>
    <testcase classname="Auth Controller Unit Tests resetPassword should hash new password, clear otp fields, save user, and return 200" name="Auth Controller Unit Tests resetPassword should hash new password, clear otp fields, save user, and return 200" time="0.006">
    </testcase>
  </testsuite>
  <testsuite name="Upload Middleware - Unit Tests" errors="0" failures="0" skipped="0" timestamp="2026-04-11T06:27:42" time="0.43" tests="5">
    <testcase classname="Upload Middleware - Unit Tests should call cloudinary.config with env variables" name="Upload Middleware - Unit Tests should call cloudinary.config with env variables" time="0.009">
    </testcase>
    <testcase classname="Upload Middleware - Unit Tests should create CloudinaryStorage with correct folder" name="Upload Middleware - Unit Tests should create CloudinaryStorage with correct folder" time="0.002">
    </testcase>
    <testcase classname="Upload Middleware - Unit Tests should allow only jpeg, png, and jpg formats" name="Upload Middleware - Unit Tests should allow only jpeg, png, and jpg formats" time="0.006">
    </testcase>
    <testcase classname="Upload Middleware - Unit Tests should create multer instance with the storage engine" name="Upload Middleware - Unit Tests should create multer instance with the storage engine" time="0.003">
    </testcase>
    <testcase classname="Upload Middleware - Unit Tests should export an upload object" name="Upload Middleware - Unit Tests should export an upload object" time="0.002">
    </testcase>
  </testsuite>
  <testsuite name="Shelter Controller - Unit Tests" errors="0" failures="0" skipped="0" timestamp="2026-04-11T06:27:42" time="0.501" tests="16">
    <testcase classname="Shelter Controller - Unit Tests createShelter should return 400 if required fields are missing" name="Shelter Controller - Unit Tests createShelter should return 400 if required fields are missing" time="0.014">
    </testcase>
    <testcase classname="Shelter Controller - Unit Tests createShelter should return 400 if location.coordinates is invalid" name="Shelter Controller - Unit Tests createShelter should return 400 if location.coordinates is invalid" time="0.004">
    </testcase>
    <testcase classname="Shelter Controller - Unit Tests createShelter should return 201, create shelter, and emit shelter:created" name="Shelter Controller - Unit Tests createShelter should return 201, create shelter, and emit shelter:created" time="0.005">
    </testcase>
    <testcase classname="Shelter Controller - Unit Tests createShelter should return 500 if DB throws" name="Shelter Controller - Unit Tests createShelter should return 500 if DB throws" time="0.004">
    </testcase>
    <testcase classname="Shelter Controller - Unit Tests getShelterById should return 400 if id param missing" name="Shelter Controller - Unit Tests getShelterById should return 400 if id param missing" time="0.003">
    </testcase>
    <testcase classname="Shelter Controller - Unit Tests getShelterById should return 404 if shelter not found" name="Shelter Controller - Unit Tests getShelterById should return 404 if shelter not found" time="0.001">
    </testcase>
    <testcase classname="Shelter Controller - Unit Tests getShelterById should return 200 if shelter found" name="Shelter Controller - Unit Tests getShelterById should return 200 if shelter found" time="0.001">
    </testcase>
    <testcase classname="Shelter Controller - Unit Tests listShelters should return 200 with shelters + total" name="Shelter Controller - Unit Tests listShelters should return 200 with shelters + total" time="0.006">
    </testcase>
    <testcase classname="Shelter Controller - Unit Tests listShelters should return 500 on error" name="Shelter Controller - Unit Tests listShelters should return 500 on error" time="0.001">
    </testcase>
    <testcase classname="Shelter Controller - Unit Tests nearbyShelters should return 400 if lng/lat invalid" name="Shelter Controller - Unit Tests nearbyShelters should return 400 if lng/lat invalid" time="0.002">
    </testcase>
    <testcase classname="Shelter Controller - Unit Tests nearbyShelters should return 200 with nearby shelters" name="Shelter Controller - Unit Tests nearbyShelters should return 200 with nearby shelters" time="0.003">
    </testcase>
    <testcase classname="Shelter Controller - Unit Tests updateShelter should return 404 if shelter not found" name="Shelter Controller - Unit Tests updateShelter should return 404 if shelter not found" time="0.002">
    </testcase>
    <testcase classname="Shelter Controller - Unit Tests updateShelter should update and emit shelter:updated and return updated doc" name="Shelter Controller - Unit Tests updateShelter should update and emit shelter:updated and return updated doc" time="0.002">
    </testcase>
    <testcase classname="Shelter Controller - Unit Tests deleteShelter should return 400 if id missing" name="Shelter Controller - Unit Tests deleteShelter should return 400 if id missing" time="0.001">
    </testcase>
    <testcase classname="Shelter Controller - Unit Tests deleteShelter should return 404 if shelter not found" name="Shelter Controller - Unit Tests deleteShelter should return 404 if shelter not found" time="0.001">
    </testcase>
    <testcase classname="Shelter Controller - Unit Tests deleteShelter should delete and emit shelter:deleted" name="Shelter Controller - Unit Tests deleteShelter should delete and emit shelter:deleted" time="0.001">
    </testcase>
  </testsuite>
  <testsuite name="adminNgoController" errors="0" failures="0" skipped="0" timestamp="2026-04-11T06:27:42" time="0.402" tests="7">
    <testcase classname="adminNgoController registerNgo validates required fields" name="adminNgoController registerNgo validates required fields" time="0.008">
    </testcase>
    <testcase classname="adminNgoController registerNgo returns 404 when user not found" name="adminNgoController registerNgo returns 404 when user not found" time="0.002">
    </testcase>
    <testcase classname="adminNgoController registerNgo creates ngo and updates user role" name="adminNgoController registerNgo creates ngo and updates user role" time="0.004">
    </testcase>
    <testcase classname="adminNgoController updateNgo rejects invalid ids" name="adminNgoController updateNgo rejects invalid ids" time="0.003">
    </testcase>
    <testcase classname="adminNgoController updateNgo prevents duplicate registration numbers" name="adminNgoController updateNgo prevents duplicate registration numbers" time="0.003">
    </testcase>
    <testcase classname="adminNgoController deleteNgo rejects invalid id" name="adminNgoController deleteNgo rejects invalid id" time="0.002">
    </testcase>
    <testcase classname="adminNgoController deleteNgo unassigns help requests and resets user role" name="adminNgoController deleteNgo unassigns help requests and resets user role" time="0.005">
    </testcase>
  </testsuite>
  <testsuite name="Authorize Middleware (RBAC)" errors="0" failures="0" skipped="0" timestamp="2026-04-11T06:27:42" time="0.348" tests="3">
    <testcase classname="Authorize Middleware (RBAC) should return 401 if req.user is missing" name="Authorize Middleware (RBAC) should return 401 if req.user is missing" time="0.008">
    </testcase>
    <testcase classname="Authorize Middleware (RBAC) should return 403 if role not allowed" name="Authorize Middleware (RBAC) should return 403 if role not allowed" time="0.002">
    </testcase>
    <testcase classname="Authorize Middleware (RBAC) should call next if role allowed" name="Authorize Middleware (RBAC) should call next if role allowed" time="0.001">
    </testcase>
  </testsuite>
  <testsuite name="Volunteer Profile Controller" errors="0" failures="0" skipped="0" timestamp="2026-04-11T06:27:42" time="0.512" tests="15">
    <testcase classname="Volunteer Profile Controller createVolunteerProfile should return 400 if phone missing" name="Volunteer Profile Controller createVolunteerProfile should return 400 if phone missing" time="0.009">
    </testcase>
    <testcase classname="Volunteer Profile Controller createVolunteerProfile should return 409 if profile already exists" name="Volunteer Profile Controller createVolunteerProfile should return 409 if profile already exists" time="0.002">
    </testcase>
    <testcase classname="Volunteer Profile Controller createVolunteerProfile should create profile and return 201" name="Volunteer Profile Controller createVolunteerProfile should create profile and return 201" time="0.007">
    </testcase>
    <testcase classname="Volunteer Profile Controller createVolunteerProfile should return 500 if create throws error" name="Volunteer Profile Controller createVolunteerProfile should return 500 if create throws error" time="0.005">
    </testcase>
    <testcase classname="Volunteer Profile Controller getVolunteerProfile should return 404 if profile not found" name="Volunteer Profile Controller getVolunteerProfile should return 404 if profile not found" time="0.002">
    </testcase>
    <testcase classname="Volunteer Profile Controller getVolunteerProfile should return 404 if user not found" name="Volunteer Profile Controller getVolunteerProfile should return 404 if user not found" time="0.002">
    </testcase>
    <testcase classname="Volunteer Profile Controller getVolunteerProfile should return merged profileData with name and email" name="Volunteer Profile Controller getVolunteerProfile should return merged profileData with name and email" time="0.003">
    </testcase>
    <testcase classname="Volunteer Profile Controller updateVolunteerProfile should return 404 if profile not found" name="Volunteer Profile Controller updateVolunteerProfile should return 404 if profile not found" time="0.008">
    </testcase>
    <testcase classname="Volunteer Profile Controller updateVolunteerProfile should update and return 200" name="Volunteer Profile Controller updateVolunteerProfile should update and return 200" time="0.003">
    </testcase>
    <testcase classname="Volunteer Profile Controller updateAvailabilityStatus should return 400 for invalid status" name="Volunteer Profile Controller updateAvailabilityStatus should return 400 for invalid status" time="0.003">
    </testcase>
    <testcase classname="Volunteer Profile Controller updateAvailabilityStatus should return 404 if profile not found" name="Volunteer Profile Controller updateAvailabilityStatus should return 404 if profile not found" time="0.003">
    </testcase>
    <testcase classname="Volunteer Profile Controller updateAvailabilityStatus should update status and return 200" name="Volunteer Profile Controller updateAvailabilityStatus should update status and return 200" time="0.002">
    </testcase>
    <testcase classname="Volunteer Profile Controller deleteVolunteerProfile should return 404 if user not found" name="Volunteer Profile Controller deleteVolunteerProfile should return 404 if user not found" time="0.002">
    </testcase>
    <testcase classname="Volunteer Profile Controller deleteVolunteerProfile should return 404 if profile not found" name="Volunteer Profile Controller deleteVolunteerProfile should return 404 if profile not found" time="0.002">
    </testcase>
    <testcase classname="Volunteer Profile Controller deleteVolunteerProfile should delete user + profile, clear cookie, return 200" name="Volunteer Profile Controller deleteVolunteerProfile should delete user + profile, clear cookie, return 200" time="0.014">
    </testcase>
  </testsuite>
  <testsuite name="protect middleware" errors="0" failures="0" skipped="0" timestamp="2026-04-11T06:27:42" time="0.329" tests="4">
    <testcase classname="protect middleware should return 401 if token cookie is missing" name="protect middleware should return 401 if token cookie is missing" time="0.008">
    </testcase>
    <testcase classname="protect middleware should return 401 if jwt.verify throws (invalid/expired token)" name="protect middleware should return 401 if jwt.verify throws (invalid/expired token)" time="0.004">
    </testcase>
    <testcase classname="protect middleware should return 401 if user not found in DB" name="protect middleware should return 401 if user not found in DB" time="0.005">
    </testcase>
    <testcase classname="protect middleware should set req.user and call next when token valid and user exists" name="protect middleware should set req.user and call next when token valid and user exists" time="0.003">
    </testcase>
  </testsuite>
  <testsuite name="Admin Verification Controller" errors="0" failures="0" skipped="0" timestamp="2026-04-11T06:27:42" time="0.372" tests="15">
    <testcase classname="Admin Verification Controller verifyVolunteer should return 400 if user not found or role mismatch" name="Admin Verification Controller verifyVolunteer should return 400 if user not found or role mismatch" time="0.007">
    </testcase>
    <testcase classname="Admin Verification Controller verifyVolunteer should verify volunteer profile and return 200" name="Admin Verification Controller verifyVolunteer should verify volunteer profile and return 200" time="0.003">
    </testcase>
    <testcase classname="Admin Verification Controller verifyNgo should return 400 if role mismatch" name="Admin Verification Controller verifyNgo should return 400 if role mismatch" time="0.001">
    </testcase>
    <testcase classname="Admin Verification Controller verifyNgo should verify NGO profile and return 200" name="Admin Verification Controller verifyNgo should verify NGO profile and return 200" time="0.002">
    </testcase>
    <testcase classname="Admin Verification Controller verifyVolunteer should handle database errors" name="Admin Verification Controller verifyVolunteer should handle database errors" time="0.002">
    </testcase>
    <testcase classname="Admin Verification Controller verifyNgo should handle database errors" name="Admin Verification Controller verifyNgo should handle database errors" time="0.002">
    </testcase>
    <testcase classname="Admin Verification Controller deleteUserAccount should return 400 if userId is missing" name="Admin Verification Controller deleteUserAccount should return 400 if userId is missing" time="0.001">
    </testcase>
    <testcase classname="Admin Verification Controller deleteUserAccount should return 404 if user not found" name="Admin Verification Controller deleteUserAccount should return 404 if user not found" time="0.001">
    </testcase>
    <testcase classname="Admin Verification Controller deleteUserAccount should return 400 if admin tries to delete themselves" name="Admin Verification Controller deleteUserAccount should return 400 if admin tries to delete themselves" time="0.002">
    </testcase>
    <testcase classname="Admin Verification Controller deleteUserAccount should return 403 if trying to delete another admin" name="Admin Verification Controller deleteUserAccount should return 403 if trying to delete another admin" time="0.005">
    </testcase>
    <testcase classname="Admin Verification Controller deleteUserAccount should delete citizen and their profile" name="Admin Verification Controller deleteUserAccount should delete citizen and their profile" time="0.005">
    </testcase>
    <testcase classname="Admin Verification Controller deleteUserAccount should delete volunteer and their profile" name="Admin Verification Controller deleteUserAccount should delete volunteer and their profile" time="0.008">
    </testcase>
    <testcase classname="Admin Verification Controller deleteUserAccount should delete NGO and their profile" name="Admin Verification Controller deleteUserAccount should delete NGO and their profile" time="0.002">
    </testcase>
    <testcase classname="Admin Verification Controller deleteUserAccount should handle unknown role gracefully" name="Admin Verification Controller deleteUserAccount should handle unknown role gracefully" time="0.003">
    </testcase>
    <testcase classname="Admin Verification Controller deleteUserAccount should handle database errors" name="Admin Verification Controller deleteUserAccount should handle database errors" time="0.002">
    </testcase>
  </testsuite>
</testsuites>