<?xml version="1.0" encoding="UTF-8"?>
<testsuites name="jest tests" tests="29" failures="0" errors="0" time="0.885">
  <testsuite name="WeatherService - Unit Tests" errors="0" failures="0" skipped="0" timestamp="2026-03-08T04:23:00" time="0.382" tests="5">
    <testcase classname="WeatherService - Unit Tests Open-Meteo Provider should fetch weather correctly with coordinates" name="WeatherService - Unit Tests Open-Meteo Provider should fetch weather correctly with coordinates" time="0.006">
    </testcase>
    <testcase classname="WeatherService - Unit Tests Open-Meteo Provider should geocode city and then fetch weather" name="WeatherService - Unit Tests Open-Meteo Provider should geocode city and then fetch weather" time="0.001">
    </testcase>
    <testcase classname="WeatherService - Unit Tests OpenWeatherMap Provider should fetch weather from OpenWeatherMap" name="WeatherService - Unit Tests OpenWeatherMap Provider should fetch weather from OpenWeatherMap" time="0.002">
    </testcase>
    <testcase classname="WeatherService - Unit Tests Unit Conversions should convert Celsius to Fahrenheit for imperial units" name="WeatherService - Unit Tests Unit Conversions should convert Celsius to Fahrenheit for imperial units" time="0">
    </testcase>
    <testcase classname="WeatherService - Unit Tests Error Handling should return error object on API failure" name="WeatherService - Unit Tests Error Handling should return error object on API failure" time="0.001">
    </testcase>
  </testsuite>
  <testsuite name="Geo Controller - Unit Tests" errors="0" failures="0" skipped="0" timestamp="2026-03-08T04:23:00" time="0.391" tests="11">
    <testcase classname="Geo Controller - Unit Tests geocode should return 400 if q missing" name="Geo Controller - Unit Tests geocode should return 400 if q missing" time="0.009">
    </testcase>
    <testcase classname="Geo Controller - Unit Tests geocode should return 200 with geocode results" name="Geo Controller - Unit Tests geocode should return 200 with geocode results" time="0.002">
    </testcase>
    <testcase classname="Geo Controller - Unit Tests geocode should return 500 when geocode service throws" name="Geo Controller - Unit Tests geocode should return 500 when geocode service throws" time="0.002">
    </testcase>
    <testcase classname="Geo Controller - Unit Tests reverseGeocode should return 400 when lat/lng missing" name="Geo Controller - Unit Tests reverseGeocode should return 400 when lat/lng missing" time="0.002">
    </testcase>
    <testcase classname="Geo Controller - Unit Tests reverseGeocode should return 400 when lat/lng not numbers" name="Geo Controller - Unit Tests reverseGeocode should return 400 when lat/lng not numbers" time="0.002">
    </testcase>
    <testcase classname="Geo Controller - Unit Tests reverseGeocode should return 200 with reverse result" name="Geo Controller - Unit Tests reverseGeocode should return 200 with reverse result" time="0.002">
    </testcase>
    <testcase classname="Geo Controller - Unit Tests reverseGeocode should return 500 when reverse service throws" name="Geo Controller - Unit Tests reverseGeocode should return 500 when reverse service throws" time="0.001">
    </testcase>
    <testcase classname="Geo Controller - Unit Tests route should return 400 when required params missing" name="Geo Controller - Unit Tests route should return 400 when required params missing" time="0.001">
    </testcase>
    <testcase classname="Geo Controller - Unit Tests route should return 400 when coords invalid numbers" name="Geo Controller - Unit Tests route should return 400 when coords invalid numbers" time="0.001">
    </testcase>
    <testcase classname="Geo Controller - Unit Tests route should return 200 with route data" name="Geo Controller - Unit Tests route should return 200 with route data" time="0.001">
    </testcase>
    <testcase classname="Geo Controller - Unit Tests route should return 500 when route service throws" name="Geo Controller - Unit Tests route should return 500 when route service throws" time="0.001">
    </testcase>
  </testsuite>
  <testsuite name="Disasters Controller - Unit Tests" errors="0" failures="0" skipped="0" timestamp="2026-03-08T04:23:00" time="0.423" tests="13">
    <testcase classname="Disasters Controller - Unit Tests disastersMap (GET /api/disasters/map) should return 400 when start/end missing" name="Disasters Controller - Unit Tests disastersMap (GET /api/disasters/map) should return 400 when start/end missing" time="0.028">
    </testcase>
    <testcase classname="Disasters Controller - Unit Tests disastersMap (GET /api/disasters/map) should return cached response when cache hit" name="Disasters Controller - Unit Tests disastersMap (GET /api/disasters/map) should return cached response when cache hit" time="0.002">
    </testcase>
    <testcase classname="Disasters Controller - Unit Tests disastersMap (GET /api/disasters/map) EARTHQUAKE: should call USGS service and return FeatureCollection" name="Disasters Controller - Unit Tests disastersMap (GET /api/disasters/map) EARTHQUAKE: should call USGS service and return FeatureCollection" time="0.003">
    </testcase>
    <testcase classname="Disasters Controller - Unit Tests disastersMap (GET /api/disasters/map) FIRE: should call FIRMS service and return FeatureCollection" name="Disasters Controller - Unit Tests disastersMap (GET /api/disasters/map) FIRE: should call FIRMS service and return FeatureCollection" time="0.003">
    </testcase>
    <testcase classname="Disasters Controller - Unit Tests disastersMap (GET /api/disasters/map) FLOOD: should call GDACS service and return FeatureCollection" name="Disasters Controller - Unit Tests disastersMap (GET /api/disasters/map) FLOOD: should call GDACS service and return FeatureCollection" time="0.002">
    </testcase>
    <testcase classname="Disasters Controller - Unit Tests disastersMap (GET /api/disasters/map) should return 500 when service throws" name="Disasters Controller - Unit Tests disastersMap (GET /api/disasters/map) should return 500 when service throws" time="0.002">
    </testcase>
    <testcase classname="Disasters Controller - Unit Tests disastersHeatmap (GET /api/disasters/heatmap) should return 400 when start/end missing" name="Disasters Controller - Unit Tests disastersHeatmap (GET /api/disasters/heatmap) should return 400 when start/end missing" time="0.002">
    </testcase>
    <testcase classname="Disasters Controller - Unit Tests disastersHeatmap (GET /api/disasters/heatmap) should return cached response when cache hit" name="Disasters Controller - Unit Tests disastersHeatmap (GET /api/disasters/heatmap) should return cached response when cache hit" time="0.001">
    </testcase>
    <testcase classname="Disasters Controller - Unit Tests disastersHeatmap (GET /api/disasters/heatmap) EARTHQUAKE: should return heatmap points" name="Disasters Controller - Unit Tests disastersHeatmap (GET /api/disasters/heatmap) EARTHQUAKE: should return heatmap points" time="0.002">
    </testcase>
    <testcase classname="Disasters Controller - Unit Tests disastersHeatmap (GET /api/disasters/heatmap) should return 500 when service throws" name="Disasters Controller - Unit Tests disastersHeatmap (GET /api/disasters/heatmap) should return 500 when service throws" time="0.002">
    </testcase>
    <testcase classname="Disasters Controller - Unit Tests disasterUpdates (GET /api/disasters/updates) should return cached response when cache hit" name="Disasters Controller - Unit Tests disasterUpdates (GET /api/disasters/updates) should return cached response when cache hit" time="0.001">
    </testcase>
    <testcase classname="Disasters Controller - Unit Tests disasterUpdates (GET /api/disasters/updates) should fetch ReliefWeb reports + disasters and return normalized lists" name="Disasters Controller - Unit Tests disasterUpdates (GET /api/disasters/updates) should fetch ReliefWeb reports + disasters and return normalized lists" time="0.002">
    </testcase>
    <testcase classname="Disasters Controller - Unit Tests disasterUpdates (GET /api/disasters/updates) should return 500 when ReliefWeb call fails" name="Disasters Controller - Unit Tests disasterUpdates (GET /api/disasters/updates) should return 500 when ReliefWeb call fails" time="0.001">
    </testcase>
  </testsuite>
</testsuites>